::1 - - [16/Nov/2022:00:01:18 +0000] "GET / HTTP/1.1" 200 6301
::1 - - [16/Nov/2022:00:01:25 +0000] "GET /static/css/background_color.css HTTP/1.1" 404 10207
::1 - - [16/Nov/2022:00:01:31 +0000] "GET /ConventionalAudiobook/ HTTP/1.1" 200 4195
::1 - - [16/Nov/2022:00:01:31 +0000] "GET /static/css/background_color.css HTTP/1.1" 404 10207
::1 - - [16/Nov/2022:00:01:32 +0000] "GET /VoiceSynthesis/ HTTP/1.1" 200 4308
::1 - - [16/Nov/2022:00:01:32 +0000] "GET /static/css/background_color.css HTTP/1.1" 404 10207
::1 - - [16/Nov/2022:00:01:34 +0000] "GET /PDF-compression/ HTTP/1.1" 200 5229
::1 - - [16/Nov/2022:00:01:34 +0000] "GET /static/css/background_color.css HTTP/1.1" 404 10207
::1 - - [16/Nov/2022:00:01:35 +0000] "GET /AudioMerge/ HTTP/1.1" 200 5212
::1 - - [16/Nov/2022:00:01:35 +0000] "GET /static/css/background_color.css HTTP/1.1" 404 10207
::1 - - [16/Nov/2022:00:02:31 +0000] "-" 408 -
::1 - - [16/Nov/2022:00:05:17 +0000] "GET / HTTP/1.1" 200 6301
::1 - - [16/Nov/2022:00:05:24 +0000] "GET /static/css/background_color.css HTTP/1.1" 404 10207
::1 - - [16/Nov/2022:00:05:50 +0000] "GET /ConventionalAudiobook/ HTTP/1.1" 200 4195
::1 - - [16/Nov/2022:00:05:50 +0000] "GET /static/css/background_color.css HTTP/1.1" 404 10207
::1 - - [16/Nov/2022:00:05:52 +0000] "GET /VoiceSynthesis/ HTTP/1.1" 200 4308
::1 - - [16/Nov/2022:00:05:52 +0000] "GET /static/css/background_color.css HTTP/1.1" 404 10207
::1 - - [16/Nov/2022:00:05:53 +0000] "GET /PDF-compression/ HTTP/1.1" 200 5229
::1 - - [16/Nov/2022:00:05:53 +0000] "GET /static/css/background_color.css HTTP/1.1" 404 10207
::1 - - [16/Nov/2022:00:05:53 +0000] "GET /AudioMerge/ HTTP/1.1" 200 5212
::1 - - [16/Nov/2022:00:05:53 +0000] "GET /static/css/background_color.css HTTP/1.1" 404 10207
::1 - - [16/Nov/2022:00:05:57 +0000] "GET /VoiceSynthesis/ HTTP/1.1" 200 4308
::1 - - [16/Nov/2022:00:05:57 +0000] "GET /static/css/background_color.css HTTP/1.1" 404 10207
::1 - - [16/Nov/2022:00:05:59 +0000] "GET /ConventionalAudiobook/ HTTP/1.1" 200 4195
::1 - - [16/Nov/2022:00:05:59 +0000] "GET /static/css/background_color.css HTTP/1.1" 404 10207
::1 - - [16/Nov/2022:00:06:50 +0000] "-" 408 -
::1 - - [16/Nov/2022:00:07:23 +0000] "GET / HTTP/1.1" 200 6301
::1 - - [16/Nov/2022:00:07:30 +0000] "GET /static/css/background_color.css HTTP/1.1" 200 39
::1 - - [16/Nov/2022:00:07:33 +0000] "GET /ConventionalAudiobook/ HTTP/1.1" 200 4195
::1 - - [16/Nov/2022:00:07:34 +0000] "GET /VoiceSynthesis/ HTTP/1.1" 200 4308
::1 - - [16/Nov/2022:00:07:35 +0000] "GET /PDF-compression/ HTTP/1.1" 200 5229
::1 - - [16/Nov/2022:00:07:36 +0000] "GET /AudioMerge/ HTTP/1.1" 200 5212
::1 - - [16/Nov/2022:00:08:23 +0000] "-" 408 -
::1 - - [16/Nov/2022:00:15:35 +0000] "GET / HTTP/1.1" 200 6301
::1 - - [16/Nov/2022:00:16:35 +0000] "-" 408 -
::1 - - [16/Nov/2022:03:58:09 +0000] "GET / HTTP/1.1" 200 6301
::1 - - [16/Nov/2022:03:58:17 +0000] "GET /static/css/background_color.css HTTP/1.1" 304 -
::1 - - [16/Nov/2022:03:58:21 +0000] "GET /VoiceSynthesis/ HTTP/1.1" 200 4308
::1 - - [16/Nov/2022:03:59:09 +0000] "-" 408 -
::1 - - [16/Nov/2022:04:02:26 +0000] "POST /VoiceSynthesis/ HTTP/1.1" 500 64479
::1 - - [16/Nov/2022:04:03:26 +0000] "-" 408 -
::1 - - [16/Nov/2022:04:12:19 +0000] "GET / HTTP/1.1" 200 6736
::1 - - [16/Nov/2022:04:12:30 +0000] "GET /VoiceSynthesis/ HTTP/1.1" 200 4308
::1 - - [16/Nov/2022:04:12:42 +0000] "POST /VoiceSynthesis/ HTTP/1.1" 500 70959
::1 - - [16/Nov/2022:04:13:42 +0000] "-" 408 -
::1 - - [16/Nov/2022:04:15:08 +0000] "GET / HTTP/1.1" 200 6736
::1 - - [16/Nov/2022:04:15:18 +0000] "GET /ConventionalAudiobook/ HTTP/1.1" 200 4195
::1 - - [16/Nov/2022:04:15:20 +0000] "GET /VoiceSynthesis/ HTTP/1.1" 200 4308
::1 - - [16/Nov/2022:04:15:30 +0000] "POST /VoiceSynthesis/ HTTP/1.1" 302 -
::1 - - [16/Nov/2022:04:15:30 +0000] "GET /VoiceSynthesis/Audio/ HTTP/1.1" 200 5491
::1 - - [16/Nov/2022:04:16:00 +0000] "GET /ConventionalAudiobook/ HTTP/1.1" 200 4195
::1 - - [16/Nov/2022:04:16:01 +0000] "GET /VoiceSynthesis/ HTTP/1.1" 200 4308
::1 - - [16/Nov/2022:04:16:08 +0000] "POST /VoiceSynthesis/ HTTP/1.1" 302 -
::1 - - [16/Nov/2022:04:16:08 +0000] "GET /VoiceSynthesis/Audio/ HTTP/1.1" 200 5491
::1 - - [16/Nov/2022:04:16:22 +0000] "POST /VoiceSynthesis/Audio/ HTTP/1.1" 302 -
::1 - - [16/Nov/2022:04:16:22 +0000] "GET /VoiceSynthesis/Audio/Synthesis/ HTTP/1.1" 302 -
::1 - - [16/Nov/2022:04:16:22 +0000] "GET /VoiceSynthesis/Audio/Synthesis/Processing/ HTTP/1.1" 200 10316
::1 - - [16/Nov/2022:04:16:22 +0000] "GET /static/css/planet_style.css HTTP/1.1" 200 4083
::1 - - [16/Nov/2022:04:17:22 +0000] "-" 408 -
::1 - - [16/Nov/2022:04:27:58 +0000] "GET / HTTP/1.1" 200 6301
::1 - - [16/Nov/2022:04:28:38 +0000] "GET /VoiceSynthesis/ HTTP/1.1" 200 4308
::1 - - [16/Nov/2022:04:28:38 +0000] "GET /VoiceSynthesis/ HTTP/1.1" 200 4308
::1 - - [16/Nov/2022:04:28:47 +0000] "POST /VoiceSynthesis/ HTTP/1.1" 302 -
::1 - - [16/Nov/2022:04:28:47 +0000] "GET /VoiceSynthesis/Audio/ HTTP/1.1" 200 5491
::1 - - [16/Nov/2022:04:29:10 +0000] "POST /VoiceSynthesis/Audio/ HTTP/1.1" 302 -
::1 - - [16/Nov/2022:04:29:10 +0000] "GET /VoiceSynthesis/Audio/Synthesis/ HTTP/1.1" 302 -
::1 - - [16/Nov/2022:04:29:10 +0000] "GET /VoiceSynthesis/Audio/Synthesis/Processing/ HTTP/1.1" 200 10316
::1 - - [16/Nov/2022:04:30:10 +0000] "-" 408 -
::1 - - [16/Nov/2022:04:31:46 +0000] "GET / HTTP/1.1" 200 6301
::1 - - [16/Nov/2022:04:31:47 +0000] "GET /ConventionalAudiobook/ HTTP/1.1" 200 4195
::1 - - [16/Nov/2022:04:31:51 +0000] "POST /ConventionalAudiobook/ HTTP/1.1" 302 -
::1 - - [16/Nov/2022:04:31:51 +0000] "GET /ConventionalAudiobook/ConventionalAudiobook_upload/Default/ HTTP/1.1" 200 5121
::1 - - [16/Nov/2022:04:32:01 +0000] "POST /ConventionalAudiobook/ConventionalAudiobook_upload/Default/ HTTP/1.1" 500 72235
::1 - - [16/Nov/2022:04:32:05 +0000] "GET /ConventionalAudiobook/ConventionalAudiobook_upload/Default/ HTTP/1.1" 200 5849
::1 - - [16/Nov/2022:04:32:10 +0000] "GET /VoiceSynthesis/ HTTP/1.1" 200 4308
::1 - - [16/Nov/2022:04:32:10 +0000] "GET /static/css/background_color.css HTTP/1.1" 304 -
::1 - - [16/Nov/2022:04:32:16 +0000] "POST /VoiceSynthesis/ HTTP/1.1" 302 -
::1 - - [16/Nov/2022:04:32:16 +0000] "GET /VoiceSynthesis/Audio/ HTTP/1.1" 200 5491
::1 - - [16/Nov/2022:04:32:23 +0000] "POST /VoiceSynthesis/Audio/ HTTP/1.1" 302 -
::1 - - [16/Nov/2022:04:32:23 +0000] "GET /VoiceSynthesis/Audio/Synthesis/ HTTP/1.1" 302 -
::1 - - [16/Nov/2022:04:32:23 +0000] "GET /VoiceSynthesis/Audio/Synthesis/Processing/ HTTP/1.1" 200 10316
::1 - - [16/Nov/2022:04:33:23 +0000] "-" 408 -
::1 - - [16/Nov/2022:04:36:33 +0000] "GET / HTTP/1.1" 200 6301
::1 - - [16/Nov/2022:04:36:35 +0000] "GET /VoiceSynthesis/ HTTP/1.1" 200 4308
::1 - - [16/Nov/2022:04:37:30 +0000] "GET /VoiceSynthesis/ HTTP/1.1" 200 4308
::1 - - [16/Nov/2022:04:37:35 +0000] "POST /VoiceSynthesis/ HTTP/1.1" 302 -
::1 - - [16/Nov/2022:04:37:35 +0000] "GET /VoiceSynthesis/Audio/ HTTP/1.1" 200 5491
::1 - - [16/Nov/2022:04:37:45 +0000] "POST /VoiceSynthesis/Audio/ HTTP/1.1" 302 -
::1 - - [16/Nov/2022:04:37:45 +0000] "GET /VoiceSynthesis/Audio/Synthesis/ HTTP/1.1" 302 -
::1 - - [16/Nov/2022:04:37:45 +0000] "GET /VoiceSynthesis/Audio/Synthesis/Processing/ HTTP/1.1" 200 10316
::1 - - [16/Nov/2022:04:38:45 +0000] "-" 408 -
::1 - - [16/Nov/2022:04:45:21 +0000] "GET / HTTP/1.1" 200 6301
::1 - - [16/Nov/2022:04:45:36 +0000] "GET /VoiceSynthesis/ HTTP/1.1" 200 4308
::1 - - [16/Nov/2022:04:45:47 +0000] "POST /VoiceSynthesis/ HTTP/1.1" 302 -
::1 - - [16/Nov/2022:04:45:47 +0000] "GET /VoiceSynthesis/Audio/ HTTP/1.1" 200 5491
::1 - - [16/Nov/2022:04:46:01 +0000] "POST /VoiceSynthesis/Audio/ HTTP/1.1" 302 -
::1 - - [16/Nov/2022:04:46:01 +0000] "GET /VoiceSynthesis/Audio/Synthesis/ HTTP/1.1" 302 -
::1 - - [16/Nov/2022:04:46:01 +0000] "GET /VoiceSynthesis/Audio/Synthesis/Processing/ HTTP/1.1" 200 10316
::1 - - [16/Nov/2022:04:47:01 +0000] "-" 408 -
::1 - - [16/Nov/2022:04:46:01 +0000] "GET /Synth_processing/?taskid=282c85a9-20ab-4e99-adcd-43e35236b606 HTTP/1.1" 200 170
::1 - - [16/Nov/2022:04:55:09 +0000] "GET /VoiceSynthesis/Audio/Synthesis/Processing/Downloads/ HTTP/1.1" 200 3973
::1 - - [16/Nov/2022:04:56:09 +0000] "-" 408 -
::1 - - [16/Nov/2022:05:00:20 +0000] "GET / HTTP/1.1" 200 6301
::1 - - [16/Nov/2022:05:00:21 +0000] "GET /VoiceSynthesis/ HTTP/1.1" 200 4308
::1 - - [16/Nov/2022:05:00:30 +0000] "POST /VoiceSynthesis/ HTTP/1.1" 302 -
::1 - - [16/Nov/2022:05:00:30 +0000] "GET /VoiceSynthesis/Audio/ HTTP/1.1" 200 5491
::1 - - [16/Nov/2022:05:00:39 +0000] "POST /VoiceSynthesis/Audio/ HTTP/1.1" 302 -
::1 - - [16/Nov/2022:05:00:39 +0000] "GET /VoiceSynthesis/Audio/Synthesis/ HTTP/1.1" 302 -
::1 - - [16/Nov/2022:05:00:39 +0000] "GET /VoiceSynthesis/Audio/Synthesis/Processing/ HTTP/1.1" 200 10316
::1 - - [16/Nov/2022:05:00:39 +0000] "GET /static/css/planet_style.css HTTP/1.1" 304 -
::1 - - [16/Nov/2022:05:01:39 +0000] "-" 408 -
::1 - - [16/Nov/2022:05:00:39 +0000] "GET /Synth_processing/?taskid=9948e6ce-63cf-48c0-8ef2-f6c9da769f0d HTTP/1.1" 200 170
::1 - - [16/Nov/2022:05:11:18 +0000] "GET /VoiceSynthesis/Audio/Synthesis/Processing/Downloads/ HTTP/1.1" 200 3973
::1 - - [16/Nov/2022:05:11:18 +0000] "GET /static/css/background_color.css HTTP/1.1" 304 -
::1 - - [16/Nov/2022:05:12:18 +0000] "-" 408 -
::1 - - [16/Nov/2022:18:17:17 +0000] "GET / HTTP/1.1" 200 6301
::1 - - [16/Nov/2022:18:17:56 +0000] "GET /static/css/background_color.css HTTP/1.1" 304 -
::1 - - [16/Nov/2022:18:17:56 +0000] "GET /favicon.ico HTTP/1.1" 404 10147
::1 - - [16/Nov/2022:18:18:01 +0000] "GET /ConventionalAudiobook/ HTTP/1.1" 200 4195
::1 - - [16/Nov/2022:18:18:03 +0000] "GET /VoiceSynthesis/ HTTP/1.1" 200 4308
::1 - - [16/Nov/2022:18:18:12 +0000] "POST /VoiceSynthesis/ HTTP/1.1" 302 -
::1 - - [16/Nov/2022:18:18:12 +0000] "GET /VoiceSynthesis/Audio/ HTTP/1.1" 200 5491
::1 - - [16/Nov/2022:18:18:18 +0000] "POST /VoiceSynthesis/Audio/ HTTP/1.1" 302 -
::1 - - [16/Nov/2022:18:18:18 +0000] "GET /VoiceSynthesis/Audio/Synthesis/ HTTP/1.1" 302 -
::1 - - [16/Nov/2022:18:18:18 +0000] "GET /VoiceSynthesis/Audio/Synthesis/Processing/ HTTP/1.1" 200 10316
::1 - - [16/Nov/2022:18:18:18 +0000] "GET /static/css/planet_style.css HTTP/1.1" 304 -
::1 - - [16/Nov/2022:18:19:18 +0000] "-" 408 -
::1 - - [16/Nov/2022:18:18:18 +0000] "GET /Synth_processing/?taskid=23e0b3cd-01f3-4c21-bc69-4bdea0049c2a HTTP/1.1" 200 170
::1 - - [16/Nov/2022:18:27:36 +0000] "GET /VoiceSynthesis/Audio/Synthesis/Processing/Downloads/ HTTP/1.1" 200 3973
::1 - - [16/Nov/2022:18:28:36 +0000] "-" 408 -
::1 - - [16/Nov/2022:18:42:12 +0000] "GET / HTTP/1.1" 200 6301
::1 - - [16/Nov/2022:18:42:16 +0000] "GET / HTTP/1.1" 200 6301
::1 - - [16/Nov/2022:18:42:23 +0000] "GET /VoiceSynthesis/ HTTP/1.1" 200 4308
::1 - - [16/Nov/2022:18:42:38 +0000] "POST /VoiceSynthesis/ HTTP/1.1" 302 -
::1 - - [16/Nov/2022:18:42:38 +0000] "GET /VoiceSynthesis/Audio/ HTTP/1.1" 200 5491
::1 - - [16/Nov/2022:18:42:45 +0000] "POST /VoiceSynthesis/Audio/ HTTP/1.1" 302 -
::1 - - [16/Nov/2022:18:42:45 +0000] "GET /VoiceSynthesis/Audio/Synthesis/ HTTP/1.1" 302 -
::1 - - [16/Nov/2022:18:42:45 +0000] "GET /VoiceSynthesis/Audio/Synthesis/Processing/ HTTP/1.1" 200 10316
::1 - - [16/Nov/2022:18:43:45 +0000] "-" 408 -
::1 - - [16/Nov/2022:18:42:45 +0000] "GET /Synth_processing/?taskid=1f7be40f-5b0a-4a89-9a7f-c1fbec647567 HTTP/1.1" 200 170
::1 - - [16/Nov/2022:18:54:23 +0000] "GET /VoiceSynthesis/Audio/Synthesis/Processing/Downloads/ HTTP/1.1" 200 3973
::1 - - [16/Nov/2022:18:55:23 +0000] "-" 408 -
::1 - - [16/Nov/2022:18:57:41 +0000] "GET /VoiceSynthesis/Audio/Synthesis/Processing/Downloads/ HTTP/1.1" 200 3973
::1 - - [16/Nov/2022:18:58:41 +0000] "-" 408 -
::1 - - [16/Nov/2022:19:20:55 +0000] "GET / HTTP/1.1" 200 6301
::1 - - [16/Nov/2022:19:21:55 +0000] "-" 408 -
::1 - - [16/Nov/2022:19:23:01 +0000] "GET / HTTP/1.1" 200 6301
::1 - - [16/Nov/2022:19:23:03 +0000] "GET /VoiceSynthesis/ HTTP/1.1" 200 4308
::1 - - [16/Nov/2022:19:23:12 +0000] "POST /VoiceSynthesis/ HTTP/1.1" 302 -
::1 - - [16/Nov/2022:19:23:12 +0000] "GET /VoiceSynthesis/Audio/ HTTP/1.1" 200 5491
::1 - - [16/Nov/2022:19:23:25 +0000] "POST /VoiceSynthesis/Audio/ HTTP/1.1" 302 -
::1 - - [16/Nov/2022:19:23:25 +0000] "GET /VoiceSynthesis/Audio/Synthesis/ HTTP/1.1" 302 -
::1 - - [16/Nov/2022:19:23:25 +0000] "GET /VoiceSynthesis/Audio/Synthesis/Processing/ HTTP/1.1" 200 10316
::1 - - [16/Nov/2022:19:24:25 +0000] "-" 408 -
::1 - - [16/Nov/2022:19:23:26 +0000] "GET /Synth_processing/?taskid=f812ead4-9eb4-4637-bc47-40f02c98d8e7 HTTP/1.1" 200 170
::1 - - [16/Nov/2022:19:34:22 +0000] "GET /VoiceSynthesis/Audio/Synthesis/Processing/Downloads/ HTTP/1.1" 500 70719
::1 - - [16/Nov/2022:19:35:22 +0000] "-" 408 -
::1 - - [16/Nov/2022:20:00:48 +0000] "GET / HTTP/1.1" 200 6301
::1 - - [16/Nov/2022:20:01:02 +0000] "GET /VoiceSynthesis/ HTTP/1.1" 200 4308
::1 - - [16/Nov/2022:20:01:09 +0000] "POST /VoiceSynthesis/ HTTP/1.1" 302 -
::1 - - [16/Nov/2022:20:01:09 +0000] "GET /VoiceSynthesis/Audio/ HTTP/1.1" 200 5491
::1 - - [16/Nov/2022:20:01:17 +0000] "POST /VoiceSynthesis/Audio/ HTTP/1.1" 302 -
::1 - - [16/Nov/2022:20:01:17 +0000] "GET /VoiceSynthesis/Audio/Synthesis/ HTTP/1.1" 302 -
::1 - - [16/Nov/2022:20:01:17 +0000] "GET /VoiceSynthesis/Audio/Synthesis/Processing/ HTTP/1.1" 200 10316
::1 - - [16/Nov/2022:20:02:17 +0000] "-" 408 -
::1 - - [16/Nov/2022:20:01:17 +0000] "GET /Synth_processing/?taskid=187fd4e2-15b4-4589-bc0e-5829be0ff2a9 HTTP/1.1" 200 170
::1 - - [16/Nov/2022:20:11:25 +0000] "GET /VoiceSynthesis/Audio/Synthesis/Processing/Downloads/ HTTP/1.1" 500 62271
::1 - - [16/Nov/2022:20:12:25 +0000] "-" 408 -
::1 - - [16/Nov/2022:20:20:41 +0000] "GET / HTTP/1.1" 200 6301
::1 - - [16/Nov/2022:20:20:49 +0000] "GET /static/css/background_color.css HTTP/1.1" 304 -
::1 - - [16/Nov/2022:20:20:51 +0000] "GET /VoiceSynthesis/ HTTP/1.1" 200 4308
::1 - - [16/Nov/2022:20:21:01 +0000] "POST /VoiceSynthesis/ HTTP/1.1" 302 -
::1 - - [16/Nov/2022:20:21:01 +0000] "GET /VoiceSynthesis/Audio/ HTTP/1.1" 200 5491
::1 - - [16/Nov/2022:20:21:13 +0000] "POST /VoiceSynthesis/Audio/ HTTP/1.1" 302 -
::1 - - [16/Nov/2022:20:21:13 +0000] "GET /VoiceSynthesis/Audio/Synthesis/ HTTP/1.1" 302 -
::1 - - [16/Nov/2022:20:21:13 +0000] "GET /VoiceSynthesis/Audio/Synthesis/Processing/ HTTP/1.1" 200 10316
::1 - - [16/Nov/2022:20:21:13 +0000] "GET /static/css/planet_style.css HTTP/1.1" 304 -
::1 - - [16/Nov/2022:20:22:13 +0000] "-" 408 -
::1 - - [16/Nov/2022:20:21:13 +0000] "GET /Synth_processing/?taskid=918941de-0cd1-49f4-a601-42e3adaf78d3 HTTP/1.1" 200 170
::1 - - [16/Nov/2022:20:31:21 +0000] "GET /VoiceSynthesis/Audio/Synthesis/Processing/Downloads/ HTTP/1.1" 500 62271
::1 - - [16/Nov/2022:20:32:21 +0000] "-" 408 -
::1 - - [16/Nov/2022:20:34:03 +0000] "GET / HTTP/1.1" 200 6301
::1 - - [16/Nov/2022:20:34:13 +0000] "GET /VoiceSynthesis/ HTTP/1.1" 200 4308
::1 - - [16/Nov/2022:20:34:20 +0000] "POST /VoiceSynthesis/ HTTP/1.1" 302 -
::1 - - [16/Nov/2022:20:34:20 +0000] "GET /VoiceSynthesis/Audio/ HTTP/1.1" 200 5491
::1 - - [16/Nov/2022:20:34:28 +0000] "POST /VoiceSynthesis/Audio/ HTTP/1.1" 302 -
::1 - - [16/Nov/2022:20:34:28 +0000] "GET /VoiceSynthesis/Audio/Synthesis/ HTTP/1.1" 302 -
::1 - - [16/Nov/2022:20:34:28 +0000] "GET /VoiceSynthesis/Audio/Synthesis/Processing/ HTTP/1.1" 200 10316
::1 - - [16/Nov/2022:20:35:28 +0000] "-" 408 -
::1 - - [16/Nov/2022:20:46:11 +0000] "GET / HTTP/1.1" 200 6301
::1 - - [16/Nov/2022:20:46:23 +0000] "GET /VoiceSynthesis/ HTTP/1.1" 200 4308
::1 - - [16/Nov/2022:20:46:32 +0000] "POST /VoiceSynthesis/ HTTP/1.1" 302 -
::1 - - [16/Nov/2022:20:46:32 +0000] "GET /VoiceSynthesis/Audio/ HTTP/1.1" 200 5491
::1 - - [16/Nov/2022:20:46:39 +0000] "POST /VoiceSynthesis/Audio/ HTTP/1.1" 302 -
::1 - - [16/Nov/2022:20:46:39 +0000] "GET /VoiceSynthesis/Audio/Synthesis/ HTTP/1.1" 302 -
::1 - - [16/Nov/2022:20:46:39 +0000] "GET /VoiceSynthesis/Audio/Synthesis/Processing/ HTTP/1.1" 200 10316
::1 - - [16/Nov/2022:20:47:39 +0000] "-" 408 -
::1 - - [16/Nov/2022:21:03:44 +0000] "GET / HTTP/1.1" 200 6301
::1 - - [16/Nov/2022:21:03:57 +0000] "GET /VoiceSynthesis/ HTTP/1.1" 200 4308
::1 - - [16/Nov/2022:21:04:08 +0000] "POST /VoiceSynthesis/ HTTP/1.1" 302 -
::1 - - [16/Nov/2022:21:04:08 +0000] "GET /VoiceSynthesis/Audio/ HTTP/1.1" 200 5491
::1 - - [16/Nov/2022:21:04:20 +0000] "POST /VoiceSynthesis/Audio/ HTTP/1.1" 302 -
::1 - - [16/Nov/2022:21:04:20 +0000] "GET /VoiceSynthesis/Audio/Synthesis/ HTTP/1.1" 302 -
::1 - - [16/Nov/2022:21:04:20 +0000] "GET /VoiceSynthesis/Audio/Synthesis/Processing/ HTTP/1.1" 200 10316
::1 - - [16/Nov/2022:21:05:20 +0000] "-" 408 -
::1 - - [16/Nov/2022:21:11:17 +0000] "GET / HTTP/1.1" 200 6301
::1 - - [16/Nov/2022:21:11:31 +0000] "GET /VoiceSynthesis/ HTTP/1.1" 200 4308
::1 - - [16/Nov/2022:21:11:41 +0000] "POST /VoiceSynthesis/ HTTP/1.1" 302 -
::1 - - [16/Nov/2022:21:11:41 +0000] "GET /VoiceSynthesis/Audio/ HTTP/1.1" 200 5491
::1 - - [16/Nov/2022:21:11:55 +0000] "POST /VoiceSynthesis/Audio/ HTTP/1.1" 302 -
::1 - - [16/Nov/2022:21:11:55 +0000] "GET /VoiceSynthesis/Audio/Synthesis/ HTTP/1.1" 302 -
::1 - - [16/Nov/2022:21:11:55 +0000] "GET /VoiceSynthesis/Audio/Synthesis/Processing/ HTTP/1.1" 200 10316
::1 - - [16/Nov/2022:21:12:55 +0000] "-" 408 -
::1 - - [16/Nov/2022:21:11:55 +0000] "GET /Synth_processing/?taskid=17bcabc0-51ba-4162-841e-9c479f4b7abc HTTP/1.1" 200 190
::1 - - [16/Nov/2022:21:23:03 +0000] "GET /VoiceSynthesis/Audio/Synthesis/Processing/Downloads/ HTTP/1.1" 200 1218793
::1 - - [16/Nov/2022:21:24:03 +0000] "-" 408 -
::1 - - [16/Nov/2022:21:28:08 +0000] "GET /VoiceSynthesis/ HTTP/1.1" 200 4308
::1 - - [16/Nov/2022:21:29:08 +0000] "-" 408 -
::1 - - [16/Nov/2022:21:29:23 +0000] "POST /VoiceSynthesis/ HTTP/1.1" 302 -
::1 - - [16/Nov/2022:21:29:24 +0000] "GET /VoiceSynthesis/Audio/ HTTP/1.1" 200 5491
::1 - - [16/Nov/2022:21:29:31 +0000] "POST /VoiceSynthesis/Audio/ HTTP/1.1" 302 -
::1 - - [16/Nov/2022:21:29:31 +0000] "GET /VoiceSynthesis/Audio/Synthesis/ HTTP/1.1" 302 -
::1 - - [16/Nov/2022:21:29:31 +0000] "GET /VoiceSynthesis/Audio/Synthesis/Processing/ HTTP/1.1" 200 10316
::1 - - [16/Nov/2022:21:30:31 +0000] "-" 408 -
::1 - - [16/Nov/2022:21:29:31 +0000] "GET /Synth_processing/?taskid=c1890531-f05f-4a86-a3f9-bdd46ef2fa6d HTTP/1.1" 200 188
::1 - - [16/Nov/2022:21:38:34 +0000] "GET /VoiceSynthesis/Audio/Synthesis/Processing/Downloads/ HTTP/1.1" 200 3973
::1 - - [16/Nov/2022:21:39:34 +0000] "-" 408 -
::1 - - [16/Nov/2022:21:51:58 +0000] "GET / HTTP/1.1" 200 6301
::1 - - [16/Nov/2022:21:52:19 +0000] "GET /VoiceSynthesis/ HTTP/1.1" 200 4308
::1 - - [16/Nov/2022:21:52:26 +0000] "POST /VoiceSynthesis/ HTTP/1.1" 302 -
::1 - - [16/Nov/2022:21:52:26 +0000] "GET /VoiceSynthesis/Audio/ HTTP/1.1" 200 5491
::1 - - [16/Nov/2022:21:52:33 +0000] "POST /VoiceSynthesis/Audio/ HTTP/1.1" 302 -
::1 - - [16/Nov/2022:21:52:33 +0000] "GET /VoiceSynthesis/Audio/Synthesis/ HTTP/1.1" 302 -
::1 - - [16/Nov/2022:21:52:33 +0000] "GET /VoiceSynthesis/Audio/Synthesis/Processing/ HTTP/1.1" 200 10316
::1 - - [16/Nov/2022:21:53:33 +0000] "-" 408 -
::1 - - [16/Nov/2022:21:52:33 +0000] "GET /Synth_processing/?taskid=ade6f8d0-6c3b-417d-a57b-65a6725104b3 HTTP/1.1" 200 188
::1 - - [16/Nov/2022:22:02:31 +0000] "GET /VoiceSynthesis/Audio/Synthesis/Processing/Downloads/ HTTP/1.1" 200 1051795
::1 - - [16/Nov/2022:22:03:31 +0000] "-" 408 -
::1 - - [16/Nov/2022:22:44:31 +0000] "GET / HTTP/1.1" 200 6301
::1 - - [16/Nov/2022:22:44:39 +0000] "GET /static/css/background_color.css HTTP/1.1" 304 -
::1 - - [16/Nov/2022:22:44:44 +0000] "GET /PDF-compression/ HTTP/1.1" 200 5229
::1 - - [16/Nov/2022:22:44:57 +0000] "POST /PDF-compression/ HTTP/1.1" 302 -
::1 - - [16/Nov/2022:22:44:57 +0000] "GET /PDF-compression/ HTTP/1.1" 200 6896
::1 - - [16/Nov/2022:22:45:39 +0000] "GET /VoiceSynthesis/ HTTP/1.1" 200 4308
::1 - - [16/Nov/2022:22:45:46 +0000] "GET /PDF-compression/ HTTP/1.1" 200 5229
::1 - - [16/Nov/2022:22:46:46 +0000] "-" 408 -
::1 - - [16/Nov/2022:22:49:12 +0000] "GET /VoiceSynthesis/ HTTP/1.1" 200 4308
::1 - - [16/Nov/2022:22:49:52 +0000] "GET /PDF-compression/ HTTP/1.1" 200 5229
::1 - - [16/Nov/2022:22:50:02 +0000] "POST /PDF-compression/ HTTP/1.1" 500 73028
::1 - - [16/Nov/2022:22:51:02 +0000] "-" 408 -
::1 - - [16/Nov/2022:22:56:40 +0000] "GET / HTTP/1.1" 200 7551
::1 - - [16/Nov/2022:22:56:51 +0000] "GET /VoiceSynthesis/ HTTP/1.1" 200 4308
::1 - - [16/Nov/2022:22:57:00 +0000] "POST /VoiceSynthesis/ HTTP/1.1" 302 -
::1 - - [16/Nov/2022:22:57:00 +0000] "GET /VoiceSynthesis/Audio/ HTTP/1.1" 200 5491
::1 - - [16/Nov/2022:22:57:12 +0000] "POST /VoiceSynthesis/Audio/ HTTP/1.1" 302 -
::1 - - [16/Nov/2022:22:57:12 +0000] "GET /VoiceSynthesis/Audio/Synthesis/ HTTP/1.1" 302 -
::1 - - [16/Nov/2022:22:57:12 +0000] "GET /VoiceSynthesis/Audio/Synthesis/Processing/ HTTP/1.1" 200 10316
::1 - - [16/Nov/2022:22:57:12 +0000] "GET /static/css/planet_style.css HTTP/1.1" 304 -
::1 - - [16/Nov/2022:22:58:12 +0000] "-" 408 -
::1 - - [16/Nov/2022:22:57:12 +0000] "GET /Synth_processing/?taskid=96c911a0-e9a1-4d15-bc89-cd1f126c6782 HTTP/1.1" 200 188
::1 - - [16/Nov/2022:23:07:30 +0000] "GET /VoiceSynthesis/Audio/Synthesis/Processing/Downloads/ HTTP/1.1" 200 3973
::1 - - [16/Nov/2022:23:08:30 +0000] "-" 408 -
::1 - - [16/Nov/2022:23:10:25 +0000] "GET /VoiceSynthesis/ HTTP/1.1" 200 4308
::1 - - [16/Nov/2022:23:16:11 +0000] "GET / HTTP/1.1" 200 6301
::1 - - [16/Nov/2022:23:16:26 +0000] "GET /VoiceSynthesis/ HTTP/1.1" 200 4308
::1 - - [16/Nov/2022:23:16:35 +0000] "POST /VoiceSynthesis/ HTTP/1.1" 302 -
::1 - - [16/Nov/2022:23:16:35 +0000] "GET /VoiceSynthesis/Audio/ HTTP/1.1" 200 5491
::1 - - [16/Nov/2022:23:16:44 +0000] "POST /VoiceSynthesis/Audio/ HTTP/1.1" 302 -
::1 - - [16/Nov/2022:23:16:44 +0000] "GET /VoiceSynthesis/Audio/Synthesis/ HTTP/1.1" 302 -
::1 - - [16/Nov/2022:23:16:44 +0000] "GET /VoiceSynthesis/Audio/Synthesis/Processing/ HTTP/1.1" 200 10316
::1 - - [16/Nov/2022:23:17:44 +0000] "-" 408 -
::1 - - [16/Nov/2022:23:16:44 +0000] "GET /Synth_processing/?taskid=0810eb0f-daf4-4582-9a09-e62ae48b375c HTTP/1.1" 200 188
::1 - - [16/Nov/2022:23:25:03 +0000] "GET /VoiceSynthesis/Audio/Synthesis/Processing/Downloads/ HTTP/1.1" 500 62344
::1 - - [16/Nov/2022:23:26:03 +0000] "-" 408 -
::1 - - [16/Nov/2022:23:26:44 +0000] "GET / HTTP/1.1" 200 6301
::1 - - [16/Nov/2022:23:27:35 +0000] "GET /VoiceSynthesis/ HTTP/1.1" 200 4308
::1 - - [16/Nov/2022:23:27:52 +0000] "POST /VoiceSynthesis/ HTTP/1.1" 302 -
::1 - - [16/Nov/2022:23:27:52 +0000] "GET /VoiceSynthesis/Audio/ HTTP/1.1" 200 5491
::1 - - [16/Nov/2022:23:28:02 +0000] "POST /VoiceSynthesis/Audio/ HTTP/1.1" 302 -
::1 - - [16/Nov/2022:23:28:02 +0000] "GET /VoiceSynthesis/Audio/Synthesis/ HTTP/1.1" 302 -
::1 - - [16/Nov/2022:23:28:02 +0000] "GET /VoiceSynthesis/Audio/Synthesis/Processing/ HTTP/1.1" 200 10316
::1 - - [16/Nov/2022:23:29:02 +0000] "-" 408 -
::1 - - [16/Nov/2022:23:28:02 +0000] "GET /Synth_processing/?taskid=cb47246d-d5c6-4d7d-8857-0775c2406f48 HTTP/1.1" 200 190
::1 - - [16/Nov/2022:23:37:59 +0000] "GET /VoiceSynthesis/Audio/Synthesis/Processing/Downloads/ HTTP/1.1" 200 1306838
::1 - - [16/Nov/2022:23:38:59 +0000] "-" 408 -
::1 - - [16/Nov/2022:23:40:15 +0000] "GET / HTTP/1.1" 200 6301
::1 - - [16/Nov/2022:23:40:25 +0000] "GET /VoiceSynthesis/ HTTP/1.1" 200 4308
::1 - - [16/Nov/2022:23:40:37 +0000] "POST /VoiceSynthesis/ HTTP/1.1" 302 -
::1 - - [16/Nov/2022:23:40:37 +0000] "GET /VoiceSynthesis/Audio/ HTTP/1.1" 200 5491
::1 - - [16/Nov/2022:23:40:50 +0000] "POST /VoiceSynthesis/Audio/ HTTP/1.1" 302 -
::1 - - [16/Nov/2022:23:40:50 +0000] "GET /VoiceSynthesis/Audio/Synthesis/ HTTP/1.1" 302 -
::1 - - [16/Nov/2022:23:40:50 +0000] "GET /VoiceSynthesis/Audio/Synthesis/Processing/ HTTP/1.1" 200 10316
::1 - - [16/Nov/2022:23:41:50 +0000] "-" 408 -
::1 - - [16/Nov/2022:23:40:50 +0000] "GET /Synth_processing/?taskid=4e1ced0b-82ce-4a94-8959-ba62f469559d HTTP/1.1" 200 188
::1 - - [16/Nov/2022:23:51:44 +0000] "GET /VoiceSynthesis/Audio/Synthesis/Processing/Downloads/ HTTP/1.1" 200 1453386
::1 - - [16/Nov/2022:23:52:16 +0000] "GET /VoiceSynthesis/Audio/Synthesis/Processing/ HTTP/1.1" 200 8329
::1 - - [16/Nov/2022:23:52:16 +0000] "GET /Synth_processing/?taskid=4e1ced0b-82ce-4a94-8959-ba62f469559d HTTP/1.1" 200 188
::1 - - [16/Nov/2022:23:52:16 +0000] "GET /VoiceSynthesis/Audio/Synthesis/Processing/Downloads/ HTTP/1.1" 500 71086
::1 - - [16/Nov/2022:23:53:48 +0000] "GET / HTTP/1.1" 200 6301
::1 - - [16/Nov/2022:23:54:08 +0000] "GET /VoiceSynthesis/ HTTP/1.1" 200 4308
::1 - - [16/Nov/2022:23:54:19 +0000] "POST /VoiceSynthesis/ HTTP/1.1" 302 -
::1 - - [16/Nov/2022:23:54:19 +0000] "GET /VoiceSynthesis/Audio/ HTTP/1.1" 200 5491
::1 - - [16/Nov/2022:23:54:28 +0000] "POST /VoiceSynthesis/Audio/ HTTP/1.1" 302 -
::1 - - [16/Nov/2022:23:54:28 +0000] "GET /VoiceSynthesis/Audio/Synthesis/ HTTP/1.1" 302 -
::1 - - [16/Nov/2022:23:54:28 +0000] "GET /VoiceSynthesis/Audio/Synthesis/Processing/ HTTP/1.1" 200 10316
::1 - - [16/Nov/2022:23:55:28 +0000] "-" 408 -
::1 - - [16/Nov/2022:23:54:28 +0000] "GET /Synth_processing/?taskid=451839f9-f32b-4b07-81be-0faf8d0bccbd HTTP/1.1" 200 190
::1 - - [17/Nov/2022:00:02:32 +0000] "GET /VoiceSynthesis/Audio/Synthesis/Processing/Downloads/ HTTP/1.1" 200 1023318
::1 - - [17/Nov/2022:00:03:32 +0000] "-" 408 -
::1 - - [17/Nov/2022:00:09:11 +0000] "GET /PDF-compression/ HTTP/1.1" 200 5229
::1 - - [17/Nov/2022:00:09:17 +0000] "POST /PDF-compression/ HTTP/1.1" 500 73029
::1 - - [17/Nov/2022:00:10:17 +0000] "-" 408 -
::1 - - [17/Nov/2022:00:13:40 +0000] "GET / HTTP/1.1" 200 7551
::1 - - [17/Nov/2022:00:13:51 +0000] "GET /PDF-compression/ HTTP/1.1" 200 5229
::1 - - [17/Nov/2022:00:14:02 +0000] "POST /PDF-compression/ HTTP/1.1" 302 -
::1 - - [17/Nov/2022:00:14:02 +0000] "GET /PDF-compression/Compression/ HTTP/1.1" 500 61634
::1 - - [17/Nov/2022:00:15:02 +0000] "-" 408 -
::1 - - [17/Nov/2022:00:16:18 +0000] "GET / HTTP/1.1" 200 7927
::1 - - [17/Nov/2022:00:16:30 +0000] "GET /PDF-compression/ HTTP/1.1" 200 5229
::1 - - [17/Nov/2022:00:16:41 +0000] "POST /PDF-compression/ HTTP/1.1" 302 -
::1 - - [17/Nov/2022:00:16:41 +0000] "GET /PDF-compression/Compression/ HTTP/1.1" 302 -
::1 - - [17/Nov/2022:00:16:41 +0000] "GET /PDF-compression/Compression/Compression_module/ HTTP/1.1" 200 10956
::1 - - [17/Nov/2022:00:16:41 +0000] "GET /static/css/pdf_cube_loader.css HTTP/1.1" 200 11894
::1 - - [17/Nov/2022:00:16:41 +0000] "GET /PQ/?taskid=3739f683-019a-46c4-a6d4-d1cefcf2a09b HTTP/1.1" 200 178
::1 - - [17/Nov/2022:00:16:43 +0000] "GET /PDF-compression/Compression/Compression_module/Downloads/ HTTP/1.1" 200 23707
::1 - - [17/Nov/2022:00:17:41 +0000] "-" 408 -
::1 - - [17/Nov/2022:00:19:00 +0000] "GET /PDF-compression/ HTTP/1.1" 200 5229
::1 - - [17/Nov/2022:00:19:22 +0000] "POST /PDF-compression/ HTTP/1.1" 302 -
::1 - - [17/Nov/2022:00:19:22 +0000] "GET /PDF-compression/Compression/ HTTP/1.1" 302 -
::1 - - [17/Nov/2022:00:19:22 +0000] "GET /PDF-compression/Compression/Compression_module/ HTTP/1.1" 200 10956
::1 - - [17/Nov/2022:00:19:23 +0000] "GET /PQ/?taskid=0cd282d1-ffe7-4043-ac70-ef10696d2e8c HTTP/1.1" 200 178
::1 - - [17/Nov/2022:00:19:25 +0000] "GET /PDF-compression/Compression/Compression_module/Downloads/ HTTP/1.1" 200 23707
::1 - - [17/Nov/2022:00:19:34 +0000] "GET /PDF-compression/ HTTP/1.1" 200 5229
::1 - - [17/Nov/2022:00:19:45 +0000] "POST /PDF-compression/ HTTP/1.1" 302 -
::1 - - [17/Nov/2022:00:19:45 +0000] "GET /PDF-compression/Compression/ HTTP/1.1" 302 -
::1 - - [17/Nov/2022:00:19:45 +0000] "GET /PDF-compression/Compression/Compression_module/ HTTP/1.1" 200 10956
::1 - - [17/Nov/2022:00:19:46 +0000] "GET /PQ/?taskid=8d5c6b64-0002-4a57-909c-fbad293b8207 HTTP/1.1" 200 481
::1 - - [17/Nov/2022:00:19:50 +0000] "GET /PDF-compression/Compression/Compression_module/Downloads/ HTTP/1.1" 200 256475
::1 - - [17/Nov/2022:00:19:59 +0000] "GET /AudioMerge/ HTTP/1.1" 200 5212
::1 - - [17/Nov/2022:00:20:59 +0000] "-" 408 -
::1 - - [17/Nov/2022:00:50:41 +0000] "GET /AudioMerge/ HTTP/1.1" 200 5212
::1 - - [17/Nov/2022:00:51:11 +0000] "POST /AudioMerge/ HTTP/1.1" 500 64250
::1 - - [17/Nov/2022:00:52:11 +0000] "-" 408 -
::1 - - [17/Nov/2022:00:56:10 +0000] "GET / HTTP/1.1" 200 7965
::1 - - [17/Nov/2022:00:56:29 +0000] "GET /AudioMerge/ HTTP/1.1" 200 5212
::1 - - [17/Nov/2022:00:56:42 +0000] "POST /AudioMerge/ HTTP/1.1" 302 -
::1 - - [17/Nov/2022:00:56:42 +0000] "GET /AudioMerge/Merge/ HTTP/1.1" 302 -
::1 - - [17/Nov/2022:00:56:42 +0000] "GET /AudioMerge/Merge/Small_files/ HTTP/1.1" 302 -
::1 - - [17/Nov/2022:00:56:42 +0000] "GET /AudioMerge/Merge/Small_files/Small_Async/ HTTP/1.1" 200 10993
::1 - - [17/Nov/2022:00:56:42 +0000] "GET /static/css/wave_css.css HTTP/1.1" 200 2994
::1 - - [17/Nov/2022:00:56:42 +0000] "GET /ASP/?taskid=ab6c3d1e-3a25-4ef2-b383-287cd9044725 HTTP/1.1" 200 125
::1 - - [17/Nov/2022:00:56:55 +0000] "GET /AudioMerge/Merge/Small_files/Small_Async/Downloads/ HTTP/1.1" 200 7008592
::1 - - [17/Nov/2022:00:56:58 +0000] "GET /AudioMerge/ HTTP/1.1" 200 5212
::1 - - [17/Nov/2022:00:57:08 +0000] "POST /AudioMerge/ HTTP/1.1" 302 -
::1 - - [17/Nov/2022:00:57:11 +0000] "GET /AudioMerge/Merge/ HTTP/1.1" 302 -
::1 - - [17/Nov/2022:00:57:11 +0000] "GET /AudioMerge/Merge/Mid_files/ HTTP/1.1" 302 -
::1 - - [17/Nov/2022:00:57:11 +0000] "GET /AudioMerge/Merge/Mid_files/Processing/ HTTP/1.1" 302 -
::1 - - [17/Nov/2022:00:57:11 +0000] "GET /AudioMerge/Merge/Mid_files/Processing/Mid_Async/ HTTP/1.1" 200 10994
::1 - - [17/Nov/2022:00:58:08 +0000] "-" 408 -
::1 - - [17/Nov/2022:00:57:11 +0000] "GET /AMP/?taskid=28a9b1ce-6796-484a-a10f-10f9504578d0 HTTP/1.1" 200 96
::1 - - [17/Nov/2022:00:58:32 +0000] "GET /AudioMerge/Merge/Mid_files/Processing/Mid_Async/Downloads/ HTTP/1.1" 200 56068057
::1 - - [17/Nov/2022:00:58:34 +0000] "GET /AudioMerge/ HTTP/1.1" 200 5212
::1 - - [17/Nov/2022:00:58:47 +0000] "POST /AudioMerge/ HTTP/1.1" 302 -
::1 - - [17/Nov/2022:00:59:11 +0000] "GET /AudioMerge/Merge/ HTTP/1.1" 302 -
::1 - - [17/Nov/2022:00:59:11 +0000] "GET /AudioMerge/Merge/Large_files/ HTTP/1.1" 302 -
::1 - - [17/Nov/2022:00:59:11 +0000] "GET /AudioMerge/Merge/Large_files/Large_Async/ HTTP/1.1" 200 10995
::1 - - [17/Nov/2022:00:59:12 +0000] "GET /ALP/?taskid=e2375ec6-6bca-4247-b7fb-851bc331e2c3 HTTP/1.1" 200 96
::1 - - [17/Nov/2022:00:59:14 +0000] "GET /AudioMerge/Merge/Large_files/Large_Async/Downloads/ HTTP/1.1" 200 467788264
::1 - - [17/Nov/2022:00:59:47 +0000] "-" 408 -
::1 - - [17/Nov/2022:01:00:26 +0000] "GET /ConventionalAudiobook/ HTTP/1.1" 200 4195
::1 - - [17/Nov/2022:01:01:26 +0000] "-" 408 -
::1 - - [17/Nov/2022:01:03:57 +0000] "GET /AudioMerge/ HTTP/1.1" 200 5212
::1 - - [17/Nov/2022:01:04:09 +0000] "POST /AudioMerge/ HTTP/1.1" 302 -
::1 - - [17/Nov/2022:01:04:09 +0000] "GET /AudioMerge/Merge/ HTTP/1.1" 302 -
::1 - - [17/Nov/2022:01:04:09 +0000] "GET /AudioMerge/Merge/Small_files/ HTTP/1.1" 302 -
::1 - - [17/Nov/2022:01:04:09 +0000] "GET /AudioMerge/Merge/Small_files/Small_Async/ HTTP/1.1" 200 10993
::1 - - [17/Nov/2022:01:04:09 +0000] "GET /ASP/?taskid=278457ba-180c-49fd-bce4-77734fc385ea HTTP/1.1" 200 125
::1 - - [17/Nov/2022:01:04:21 +0000] "GET /AudioMerge/Merge/Small_files/Small_Async/Downloads/ HTTP/1.1" 200 7008592
::1 - - [17/Nov/2022:01:05:09 +0000] "-" 408 -
::1 - - [17/Nov/2022:02:01:07 +0000] "GET /ConventionalAudiobook/ HTTP/1.1" 200 4195
::1 - - [17/Nov/2022:02:01:07 +0000] "GET /static/css/background_color.css HTTP/1.1" 304 -
::1 - - [17/Nov/2022:02:04:29 +0000] "GET /ConventionalAudiobook/ HTTP/1.1" 200 4195
::1 - - [17/Nov/2022:02:04:26 +0000] "GET / HTTP/1.1" 200 6301
::1 - - [17/Nov/2022:02:04:40 +0000] "POST /ConventionalAudiobook/ HTTP/1.1" 302 -
::1 - - [17/Nov/2022:02:04:40 +0000] "GET /ConventionalAudiobook/ConventionalAudiobook_upload/Default/ HTTP/1.1" 200 5121
::1 - - [17/Nov/2022:02:04:45 +0000] "POST /ConventionalAudiobook/ConventionalAudiobook_upload/Default/ HTTP/1.1" 302 -
::1 - - [17/Nov/2022:02:04:45 +0000] "GET /ConventionalAudiobook/ConventionalAudiobook_upload/Default/Default_Processing/ HTTP/1.1" 500 62496
::1 - - [17/Nov/2022:02:05:45 +0000] "-" 408 -
::1 - - [17/Nov/2022:02:05:57 +0000] "GET /ConventionalAudiobook/ConventionalAudiobook_upload/Default/ HTTP/1.1" 200 5849
::1 - - [17/Nov/2022:02:06:02 +0000] "GET /ConventionalAudiobook/ConventionalAudiobook_upload/Default/Default_Processing/ HTTP/1.1" 500 61484
::1 - - [17/Nov/2022:02:07:02 +0000] "-" 408 -
::1 - - [17/Nov/2022:03:02:20 +0000] "GET / HTTP/1.1" 200 6301
::1 - - [17/Nov/2022:03:02:46 +0000] "GET /ConventionalAudiobook/ HTTP/1.1" 200 4195
::1 - - [17/Nov/2022:03:02:48 +0000] "POST /ConventionalAudiobook/ HTTP/1.1" 302 -
::1 - - [17/Nov/2022:03:02:48 +0000] "GET /ConventionalAudiobook/ConventionalAudiobook_upload/Default/ HTTP/1.1" 200 5121
::1 - - [17/Nov/2022:03:02:55 +0000] "POST /ConventionalAudiobook/ConventionalAudiobook_upload/Default/ HTTP/1.1" 302 -
::1 - - [17/Nov/2022:03:02:55 +0000] "GET /ConventionalAudiobook/ConventionalAudiobook_upload/Default/Default_Processing/ HTTP/1.1" 302 -
::1 - - [17/Nov/2022:03:02:55 +0000] "GET /ConventionalAudiobook/ConventionalAudiobook_upload/Default/Default_Processing/Async/ HTTP/1.1" 200 143942
::1 - - [17/Nov/2022:03:02:55 +0000] "GET /static/css/tree_style.css HTTP/1.1" 200 1847
::1 - - [17/Nov/2022:03:02:55 +0000] "GET /Process/?taskid=36a33acc-64c5-46f7-a939-9709dc6288c1 HTTP/1.1" 200 167
::1 - - [17/Nov/2022:03:03:07 +0000] "GET /ConventionalAudiobook/ConventionalAudiobook_upload/Default/Default_Processing/Async/Downloads/ HTTP/1.1" 200 839933
::1 - - [17/Nov/2022:03:03:55 +0000] "-" 408 -
::1 - - [17/Nov/2022:03:10:40 +0000] "GET / HTTP/1.1" 200 6301
::1 - - [17/Nov/2022:03:10:42 +0000] "GET /ConventionalAudiobook/ HTTP/1.1" 200 4195
::1 - - [17/Nov/2022:03:12:30 +0000] "POST /ConventionalAudiobook/ HTTP/1.1" 302 -
::1 - - [17/Nov/2022:03:12:36 +0000] "GET / HTTP/1.1" 200 6301
::1 - - [17/Nov/2022:03:12:36 +0000] "GET / HTTP/1.1" 200 6301
::1 - - [17/Nov/2022:03:12:36 +0000] "GET / HTTP/1.1" 200 6301
::1 - - [17/Nov/2022:03:12:40 +0000] "GET / HTTP/1.1" 200 6301
::1 - - [17/Nov/2022:03:12:43 +0000] "GET /ConventionalAudiobook/ HTTP/1.1" 200 4195
::1 - - [17/Nov/2022:03:12:49 +0000] "POST /ConventionalAudiobook/ HTTP/1.1" 302 -
::1 - - [17/Nov/2022:03:12:49 +0000] "GET /ConventionalAudiobook/ConventionalAudiobook_upload/Custom/ HTTP/1.1" 200 5128
::1 - - [17/Nov/2022:03:13:09 +0000] "POST /ConventionalAudiobook/ConventionalAudiobook_upload/Custom/ HTTP/1.1" 302 -
::1 - - [17/Nov/2022:03:13:09 +0000] "GET /ConventionalAudiobook/ConventionalAudiobook_upload/Custom/Custom_Setting/ HTTP/1.1" 200 5803
::1 - - [17/Nov/2022:03:13:22 +0000] "POST /ConventionalAudiobook/ConventionalAudiobook_upload/Custom/Custom_Setting/ HTTP/1.1" 500 65312
::1 - - [17/Nov/2022:03:14:22 +0000] "-" 408 -
::1 - - [17/Nov/2022:03:15:03 +0000] "GET / HTTP/1.1" 200 6674
::1 - - [17/Nov/2022:03:15:14 +0000] "GET /ConventionalAudiobook/ HTTP/1.1" 200 4195
::1 - - [17/Nov/2022:03:15:18 +0000] "POST /ConventionalAudiobook/ HTTP/1.1" 302 -
::1 - - [17/Nov/2022:03:15:18 +0000] "GET /ConventionalAudiobook/ConventionalAudiobook_upload/Default/ HTTP/1.1" 200 5121
::1 - - [17/Nov/2022:03:15:36 +0000] "POST /ConventionalAudiobook/ConventionalAudiobook_upload/Default/ HTTP/1.1" 302 -
::1 - - [17/Nov/2022:03:15:36 +0000] "GET /ConventionalAudiobook/ConventionalAudiobook_upload/Default/Default_Processing/ HTTP/1.1" 302 -
::1 - - [17/Nov/2022:03:15:36 +0000] "GET /ConventionalAudiobook/ConventionalAudiobook_upload/Default/Default_Processing/Async/ HTTP/1.1" 200 143942
::1 - - [17/Nov/2022:03:16:36 +0000] "-" 408 -
::1 - - [17/Nov/2022:03:15:36 +0000] "GET /Process/?taskid=4621999e-dc8a-4375-a0eb-b7c57fc84098 HTTP/1.1" 200 170
::1 - - [17/Nov/2022:03:19:15 +0000] "GET /ConventionalAudiobook/ConventionalAudiobook_upload/Default/Default_Processing/Async/Downloads/ HTTP/1.1" 200 72700073
::1 - - [17/Nov/2022:03:19:23 +0000] "GET /ConventionalAudiobook/ConventionalAudiobook_upload/Default/Default_Processing/Async/ HTTP/1.1" 200 142362
::1 - - [17/Nov/2022:03:19:24 +0000] "GET /Process/?taskid=4621999e-dc8a-4375-a0eb-b7c57fc84098 HTTP/1.1" 200 170
::1 - - [17/Nov/2022:03:19:24 +0000] "GET /ConventionalAudiobook/ConventionalAudiobook_upload/Default/Default_Processing/Async/Downloads/ HTTP/1.1" 200 3953
::1 - - [17/Nov/2022:03:19:25 +0000] "GET /ConventionalAudiobook/ HTTP/1.1" 200 4195
::1 - - [17/Nov/2022:03:19:30 +0000] "POST /ConventionalAudiobook/ HTTP/1.1" 302 -
::1 - - [17/Nov/2022:03:19:30 +0000] "GET /ConventionalAudiobook/ConventionalAudiobook_upload/Custom/ HTTP/1.1" 200 5128
::1 - - [17/Nov/2022:03:19:39 +0000] "POST /ConventionalAudiobook/ConventionalAudiobook_upload/Custom/ HTTP/1.1" 302 -
::1 - - [17/Nov/2022:03:19:39 +0000] "GET /ConventionalAudiobook/ConventionalAudiobook_upload/Custom/Custom_Setting/ HTTP/1.1" 200 5803
::1 - - [17/Nov/2022:03:19:55 +0000] "POST /ConventionalAudiobook/ConventionalAudiobook_upload/Custom/Custom_Setting/ HTTP/1.1" 302 -
::1 - - [17/Nov/2022:03:19:55 +0000] "GET /ConventionalAudiobook/ConventionalAudiobook_upload/Custom/Custom_Setting/Custom_processing/ HTTP/1.1" 200 143143
::1 - - [17/Nov/2022:03:20:55 +0000] "-" 408 -
::1 - - [17/Nov/2022:03:19:55 +0000] "GET /CQ/?taskid=3308e224-7a51-4812-bee9-c6d33b580cde HTTP/1.1" 200 170
::1 - - [17/Nov/2022:03:23:03 +0000] "GET /ConventionalAudiobook/ConventionalAudiobook_upload/Custom/Custom_Setting/Custom_processing/Downloads/ HTTP/1.1" 200 51949235
::1 - - [17/Nov/2022:03:23:15 +0000] "GET /ConventionalAudiobook/ConventionalAudiobook_upload/Custom/Custom_Setting/Custom_processing/ HTTP/1.1" 200 142350
::1 - - [17/Nov/2022:03:23:15 +0000] "GET /CQ/?taskid=3308e224-7a51-4812-bee9-c6d33b580cde HTTP/1.1" 200 170
::1 - - [17/Nov/2022:03:23:15 +0000] "GET /ConventionalAudiobook/ConventionalAudiobook_upload/Custom/Custom_Setting/Custom_processing/Downloads/ HTTP/1.1" 200 3953
::1 - - [17/Nov/2022:03:23:20 +0000] "GET / HTTP/1.1" 200 6301
::1 - - [17/Nov/2022:03:23:33 +0000] "GET /VoiceSynthesis/ HTTP/1.1" 200 4308
::1 - - [17/Nov/2022:03:23:45 +0000] "POST /VoiceSynthesis/ HTTP/1.1" 302 -
::1 - - [17/Nov/2022:03:23:45 +0000] "GET /VoiceSynthesis/Audio/ HTTP/1.1" 200 5491
::1 - - [17/Nov/2022:03:24:00 +0000] "POST /VoiceSynthesis/Audio/ HTTP/1.1" 302 -
::1 - - [17/Nov/2022:03:24:01 +0000] "GET /VoiceSynthesis/Audio/Synthesis/ HTTP/1.1" 302 -
::1 - - [17/Nov/2022:03:24:01 +0000] "GET /VoiceSynthesis/Audio/Synthesis/Processing/ HTTP/1.1" 200 10316
::1 - - [17/Nov/2022:03:24:01 +0000] "GET /static/css/planet_style.css HTTP/1.1" 304 -
::1 - - [17/Nov/2022:03:25:00 +0000] "-" 408 -
::1 - - [17/Nov/2022:04:24:33 +0000] "GET / HTTP/1.1" 200 6301
::1 - - [17/Nov/2022:04:24:37 +0000] "GET / HTTP/1.1" 200 6301
::1 - - [17/Nov/2022:04:24:33 +0000] "GET /VoiceSynthesis/Audio/Synthesis/Processing/ HTTP/1.1" 200 8329
::1 - - [17/Nov/2022:04:24:52 +0000] "GET /favicon.ico HTTP/1.1" 404 10147
::1 - - [17/Nov/2022:04:24:56 +0000] "GET /VoiceSynthesis/ HTTP/1.1" 200 4308
::1 - - [17/Nov/2022:04:25:05 +0000] "POST /VoiceSynthesis/ HTTP/1.1" 302 -
::1 - - [17/Nov/2022:04:25:05 +0000] "GET /VoiceSynthesis/Audio/ HTTP/1.1" 200 5491
::1 - - [17/Nov/2022:04:25:36 +0000] "POST /VoiceSynthesis/Audio/ HTTP/1.1" 302 -
::1 - - [17/Nov/2022:04:25:37 +0000] "GET /VoiceSynthesis/Audio/Synthesis/ HTTP/1.1" 302 -
::1 - - [17/Nov/2022:04:25:37 +0000] "GET /VoiceSynthesis/Audio/Synthesis/Processing/ HTTP/1.1" 200 10316
::1 - - [17/Nov/2022:04:26:36 +0000] "-" 408 -
::1 - - [17/Nov/2022:04:25:37 +0000] "GET /Synth_processing/?taskid=179df04f-cad0-4b49-a73e-467b9accabab HTTP/1.1" 200 188
::1 - - [17/Nov/2022:05:07:09 +0000] "GET /VoiceSynthesis/Audio/Synthesis/Processing/Downloads/ HTTP/1.1" 200 847142
::1 - - [17/Nov/2022:05:08:09 +0000] "-" 408 -
::1 - - [17/Nov/2022:05:11:06 +0000] "GET /VoiceSynthesis/ HTTP/1.1" 200 4308
::1 - - [17/Nov/2022:05:11:06 +0000] "GET /static/css/background_color.css HTTP/1.1" 304 -
::1 - - [17/Nov/2022:05:11:12 +0000] "POST /VoiceSynthesis/ HTTP/1.1" 302 -
::1 - - [17/Nov/2022:05:11:12 +0000] "GET /VoiceSynthesis/Audio/ HTTP/1.1" 200 5491
::1 - - [17/Nov/2022:05:11:20 +0000] "POST /VoiceSynthesis/Audio/ HTTP/1.1" 302 -
::1 - - [17/Nov/2022:05:11:21 +0000] "GET /VoiceSynthesis/Audio/Synthesis/ HTTP/1.1" 302 -
::1 - - [17/Nov/2022:05:11:21 +0000] "GET /VoiceSynthesis/Audio/Synthesis/Processing/ HTTP/1.1" 200 10316
::1 - - [17/Nov/2022:05:12:20 +0000] "-" 408 -
::1 - - [17/Nov/2022:05:11:21 +0000] "GET /Synth_processing/?taskid=39cabec2-4fb8-47c8-a1d5-8c30999583d8 HTTP/1.1" 200 188
::1 - - [17/Nov/2022:08:49:28 +0000] "GET /VoiceSynthesis/Audio/Synthesis/Processing/Downloads/ HTTP/1.1" 200 4145592
::1 - - [17/Nov/2022:08:50:28 +0000] "-" 408 -
::1 - - [17/Nov/2022:15:57:13 +0000] "GET /PDF-compression/ HTTP/1.1" 200 5229
::1 - - [17/Nov/2022:15:57:13 +0000] "GET /static/css/background_color.css HTTP/1.1" 304 -
::1 - - [17/Nov/2022:15:58:12 +0000] "POST /PDF-compression/ HTTP/1.1" 302 -
::1 - - [17/Nov/2022:15:58:20 +0000] "GET /PDF-compression/Compression/ HTTP/1.1" 500 64775
::1 - - [17/Nov/2022:15:59:11 +0000] "-" 408 -
::1 - - [17/Nov/2022:16:03:20 +0000] "-" 408 -
127.0.0.1 - - [17/Nov/2022:16:03:20 +0000] "-" 408 -
::1 - - [17/Nov/2022:16:02:20 +0000] "GET / HTTP/1.1" 200 9579
::1 - - [17/Nov/2022:16:07:53 +0000] "GET /AudioMerge/ HTTP/1.1" 200 5212
::1 - - [17/Nov/2022:16:07:55 +0000] "GET /PDF-compression/ HTTP/1.1" 200 5229
::1 - - [17/Nov/2022:16:08:20 +0000] "POST /PDF-compression/ HTTP/1.1" 302 -
::1 - - [17/Nov/2022:16:08:22 +0000] "GET /PDF-compression/Compression/ HTTP/1.1" 302 -
::1 - - [17/Nov/2022:16:08:22 +0000] "GET /PDF-compression/Compression/Compression_module/ HTTP/1.1" 200 12608
::1 - - [17/Nov/2022:16:08:22 +0000] "GET /static/css/pdf_cube_loader.css HTTP/1.1" 304 -
::1 - - [17/Nov/2022:16:09:20 +0000] "-" 408 -
::1 - - [17/Nov/2022:16:08:22 +0000] "GET /PQ/?taskid=d7286186-3084-49f2-9cab-cf3d836455c5 HTTP/1.1" 200 1201
::1 - - [17/Nov/2022:16:16:24 +0000] "GET /PDF-compression/Compression/Compression_module/Downloads/ HTTP/1.1" 200 76266533
::1 - - [17/Nov/2022:16:17:09 +0000] "GET /ConventionalAudiobook/ HTTP/1.1" 200 4195
::1 - - [17/Nov/2022:16:17:14 +0000] "POST /ConventionalAudiobook/ HTTP/1.1" 302 -
::1 - - [17/Nov/2022:16:17:14 +0000] "GET /ConventionalAudiobook/ConventionalAudiobook_upload/Default/ HTTP/1.1" 200 5121
::1 - - [17/Nov/2022:16:17:24 +0000] "POST /ConventionalAudiobook/ConventionalAudiobook_upload/Default/ HTTP/1.1" 302 -
::1 - - [17/Nov/2022:16:17:25 +0000] "GET /ConventionalAudiobook/ConventionalAudiobook_upload/Default/Default_Processing/ HTTP/1.1" 302 -
::1 - - [17/Nov/2022:16:17:25 +0000] "GET /ConventionalAudiobook/ConventionalAudiobook_upload/Default/Default_Processing/Async/ HTTP/1.1" 200 143942
::1 - - [17/Nov/2022:16:17:25 +0000] "GET /static/css/tree_style.css HTTP/1.1" 304 -
::1 - - [17/Nov/2022:16:18:24 +0000] "-" 408 -
::1 - - [17/Nov/2022:16:17:25 +0000] "GET /Process/?taskid=1693d818-f8a2-4b5c-8355-ba63e32850ba HTTP/1.1" 200 134
::1 - - [17/Nov/2022:17:33:13 +0000] "GET /ConventionalAudiobook/ConventionalAudiobook_upload/Default/Default_Processing/Async/Downloads/ HTTP/1.1" 200 1082564788
::1 - - [17/Nov/2022:17:34:13 +0000] "-" 408 -
::1 - - [17/Nov/2022:17:34:57 +0000] "GET /ConventionalAudiobook/ HTTP/1.1" 200 4195
::1 - - [17/Nov/2022:17:34:57 +0000] "GET /favicon.ico HTTP/1.1" 404 10147
::1 - - [17/Nov/2022:17:34:58 +0000] "POST /ConventionalAudiobook/ HTTP/1.1" 302 -
::1 - - [17/Nov/2022:17:34:58 +0000] "GET /ConventionalAudiobook/ConventionalAudiobook_upload/Custom/ HTTP/1.1" 200 5128
::1 - - [17/Nov/2022:17:35:11 +0000] "POST /ConventionalAudiobook/ConventionalAudiobook_upload/Custom/ HTTP/1.1" 302 -
::1 - - [17/Nov/2022:17:35:12 +0000] "GET /ConventionalAudiobook/ConventionalAudiobook_upload/Custom/Custom_Setting/ HTTP/1.1" 200 5803
::1 - - [17/Nov/2022:17:35:24 +0000] "POST /ConventionalAudiobook/ConventionalAudiobook_upload/Custom/Custom_Setting/ HTTP/1.1" 302 -
::1 - - [17/Nov/2022:17:35:24 +0000] "GET /ConventionalAudiobook/ConventionalAudiobook_upload/Custom/Custom_Setting/Custom_processing/ HTTP/1.1" 200 143143
::1 - - [17/Nov/2022:17:36:24 +0000] "-" 408 -
::1 - - [17/Nov/2022:17:35:24 +0000] "GET /CQ/?taskid=0421367d-80b2-4cb2-9b23-0287033f787e HTTP/1.1" 200 228
::1 - - [17/Nov/2022:18:46:16 +0000] "GET /ConventionalAudiobook/ConventionalAudiobook_upload/Custom/Custom_Setting/Custom_processing/Downloads/ HTTP/1.1" 200 1489126556
::1 - - [17/Nov/2022:18:47:16 +0000] "-" 408 -
::1 - - [17/Nov/2022:19:48:24 +0000] "GET / HTTP/1.1" 200 6301
::1 - - [17/Nov/2022:19:48:33 +0000] "GET /favicon.ico HTTP/1.1" 404 10147
::1 - - [17/Nov/2022:19:48:39 +0000] "GET /ConventionalAudiobook/ HTTP/1.1" 200 4195
::1 - - [17/Nov/2022:19:48:41 +0000] "POST /ConventionalAudiobook/ HTTP/1.1" 302 -
::1 - - [17/Nov/2022:19:48:41 +0000] "GET /ConventionalAudiobook/ConventionalAudiobook_upload/Default/ HTTP/1.1" 200 5121
::1 - - [17/Nov/2022:19:48:47 +0000] "POST /ConventionalAudiobook/ConventionalAudiobook_upload/Default/ HTTP/1.1" 302 -
::1 - - [17/Nov/2022:19:48:47 +0000] "GET /ConventionalAudiobook/ConventionalAudiobook_upload/Default/Default_Processing/ HTTP/1.1" 302 -
::1 - - [17/Nov/2022:19:48:47 +0000] "GET /ConventionalAudiobook/ConventionalAudiobook_upload/Default/Default_Processing/Async/ HTTP/1.1" 200 143942
::1 - - [17/Nov/2022:19:48:48 +0000] "GET /Process/?taskid=3a84c9d1-854f-497c-9bac-35ef11ceb077 HTTP/1.1" 200 167
::1 - - [17/Nov/2022:19:48:56 +0000] "GET /ConventionalAudiobook/ConventionalAudiobook_upload/Default/Default_Processing/Async/Downloads/ HTTP/1.1" 200 839933
68.146.98.9 - - [17/Nov/2022:19:49:59 +0000] "GET / HTTP/1.1" 200 6301
68.146.98.9 - - [17/Nov/2022:19:50:00 +0000] "GET /static/css/background_color.css HTTP/1.1" 200 39
68.146.98.9 - - [17/Nov/2022:19:50:01 +0000] "GET /favicon.ico HTTP/1.1" 404 10152
68.146.98.9 - - [17/Nov/2022:19:50:17 +0000] "GET /ConventionalAudiobook HTTP/1.1" 301 -
68.146.98.9 - - [17/Nov/2022:19:50:17 +0000] "GET /ConventionalAudiobook/ HTTP/1.1" 200 4195
68.146.98.9 - - [17/Nov/2022:19:50:18 +0000] "GET /VoiceSynthesis HTTP/1.1" 301 -
68.146.98.9 - - [17/Nov/2022:19:50:18 +0000] "GET /VoiceSynthesis/ HTTP/1.1" 200 4308
68.146.98.9 - - [17/Nov/2022:19:50:19 +0000] "GET /PDF-compression HTTP/1.1" 301 -
68.146.98.9 - - [17/Nov/2022:19:50:20 +0000] "GET /PDF-compression/ HTTP/1.1" 200 5229
68.146.98.9 - - [17/Nov/2022:19:50:20 +0000] "GET /AudioMerge HTTP/1.1" 301 -
68.146.98.9 - - [17/Nov/2022:19:50:20 +0000] "GET /AudioMerge/ HTTP/1.1" 200 5212
68.146.98.9 - - [17/Nov/2022:19:50:21 +0000] "GET /VoiceSynthesis/ HTTP/1.1" 200 4308
68.146.98.9 - - [17/Nov/2022:19:50:39 +0000] "POST /VoiceSynthesis/ HTTP/1.1" 302 -
68.146.98.9 - - [17/Nov/2022:19:50:40 +0000] "GET /VoiceSynthesis/Audio/ HTTP/1.1" 200 5491
68.146.98.9 - - [17/Nov/2022:19:50:52 +0000] "POST /VoiceSynthesis/Audio/ HTTP/1.1" 302 -
68.146.98.9 - - [17/Nov/2022:19:50:53 +0000] "GET /VoiceSynthesis/Audio/Synthesis/ HTTP/1.1" 302 -
68.146.98.9 - - [17/Nov/2022:19:50:53 +0000] "GET /VoiceSynthesis/Audio/Synthesis/Processing/ HTTP/1.1" 200 10316
68.146.98.9 - - [17/Nov/2022:19:50:53 +0000] "GET /static/css/planet_style.css HTTP/1.1" 200 4083
68.146.98.9 - - [17/Nov/2022:19:50:54 +0000] "GET /Synth_processing/?taskid=7ab66588-ad2a-4508-a1a7-cf69fcfcf527 HTTP/1.1" 200 190
68.146.98.9 - - [17/Nov/2022:19:59:03 +0000] "GET /VoiceSynthesis/Audio/Synthesis/Processing/Downloads/ HTTP/1.1" 200 959839
68.146.98.9 - - [17/Nov/2022:20:01:35 +0000] "GET /ConventionalAudiobook/ HTTP/1.1" 200 4195
68.146.98.9 - - [17/Nov/2022:20:01:37 +0000] "POST /ConventionalAudiobook/ HTTP/1.1" 302 -
68.146.98.9 - - [17/Nov/2022:20:01:37 +0000] "GET /ConventionalAudiobook/ConventionalAudiobook_upload/Default/ HTTP/1.1" 200 5121
68.146.98.9 - - [17/Nov/2022:20:02:00 +0000] "POST /ConventionalAudiobook/ConventionalAudiobook_upload/Default/ HTTP/1.1" 302 -
68.146.98.9 - - [17/Nov/2022:20:02:15 +0000] "GET /ConventionalAudiobook/ConventionalAudiobook_upload/Default/Default_Processing/ HTTP/1.1" 302 -
68.146.98.9 - - [17/Nov/2022:20:02:15 +0000] "GET /ConventionalAudiobook/ConventionalAudiobook_upload/Default/Default_Processing/Async/ HTTP/1.1" 200 143942
68.146.98.9 - - [17/Nov/2022:20:02:15 +0000] "GET /static/css/tree_style.css HTTP/1.1" 200 1847
141.255.166.2 - - [17/Nov/2022:20:11:03 +0000] "GET / HTTP/1.1" 200 6301
68.146.98.9 - - [17/Nov/2022:20:19:27 +0000] "GET /ConventionalAudiobook/ConventionalAudiobook_upload/Default/Default_Processing/Async/ HTTP/1.1" 200 142362
45.79.181.94 - - [17/Nov/2022:20:45:41 +0000] "\x16\x03\x01" 400 226
45.182.139.43 - - [17/Nov/2022:20:47:19 +0000] "GET / HTTP/1.1" 200 6301
68.146.98.9 - - [17/Nov/2022:20:19:27 +0000] "GET /Process/?taskid=5262824d-e5d2-43e4-9667-ef09b087fbda HTTP/1.1" 200 228
68.146.98.9 - - [17/Nov/2022:20:02:15 +0000] "GET /Process/?taskid=5262824d-e5d2-43e4-9667-ef09b087fbda HTTP/1.1" 200 228
68.146.98.9 - - [17/Nov/2022:21:02:30 +0000] "GET /ConventionalAudiobook/ConventionalAudiobook_upload/Default/Default_Processing/Async/Downloads/ HTTP/1.1" 200 1489126556
91.148.141.226 - - [17/Nov/2022:21:42:24 +0000] "GET / HTTP/1.1" 200 6301
68.146.98.9 - - [17/Nov/2022:21:43:47 +0000] "GET /PDF-compression/ HTTP/1.1" 200 5229
68.146.98.9 - - [17/Nov/2022:21:43:59 +0000] "POST /PDF-compression/ HTTP/1.1" 413 316
68.146.98.9 - - [17/Nov/2022:21:44:45 +0000] "GET / HTTP/1.1" 200 6301
68.146.98.9 - - [17/Nov/2022:21:44:47 +0000] "GET /ConventionalAudiobook/ HTTP/1.1" 200 4195
68.146.98.9 - - [17/Nov/2022:21:44:48 +0000] "GET /VoiceSynthesis/ HTTP/1.1" 200 4308
68.146.98.9 - - [17/Nov/2022:21:44:49 +0000] "GET /PDF-compression/ HTTP/1.1" 200 5229
68.146.98.9 - - [17/Nov/2022:21:44:55 +0000] "POST /PDF-compression/ HTTP/1.1" 302 -
68.146.98.9 - - [17/Nov/2022:21:45:40 +0000] "GET /PDF-compression/Compression/ HTTP/1.1" 302 -
68.146.98.9 - - [17/Nov/2022:21:45:40 +0000] "GET /PDF-compression/Compression/Compression_module/ HTTP/1.1" 200 11820
68.146.98.9 - - [17/Nov/2022:21:45:40 +0000] "GET /static/css/pdf_cube_loader.css HTTP/1.1" 200 11894
68.146.98.9 - - [17/Nov/2022:21:45:41 +0000] "GET /PQ/?taskid=34841f21-6105-4169-b633-05ed9ddf3ace HTTP/1.1" 200 151
68.146.98.9 - - [17/Nov/2022:21:47:13 +0000] "GET /PDF-compression/Compression/Compression_module/Downloads/ HTTP/1.1" 200 71966005
68.146.98.9 - - [17/Nov/2022:21:51:31 +0000] "GET /PDF-compression/ HTTP/1.1" 200 5229
68.146.98.9 - - [17/Nov/2022:21:51:45 +0000] "POST /PDF-compression/ HTTP/1.1" 413 316
68.146.98.9 - - [17/Nov/2022:21:52:26 +0000] "GET / HTTP/1.1" 200 6301
68.146.98.9 - - [17/Nov/2022:21:52:28 +0000] "GET /PDF-compression/ HTTP/1.1" 200 5229
68.146.98.9 - - [17/Nov/2022:21:52:37 +0000] "GET /PDF-compression/ HTTP/1.1" 200 5229
68.146.98.9 - - [17/Nov/2022:21:53:11 +0000] "POST /PDF-compression/ HTTP/1.1" 302 -
68.146.98.9 - - [17/Nov/2022:21:53:39 +0000] "GET /PDF-compression/Compression/ HTTP/1.1" 302 -
68.146.98.9 - - [17/Nov/2022:21:53:39 +0000] "GET /PDF-compression/Compression/Compression_module/ HTTP/1.1" 200 10956
68.146.98.9 - - [17/Nov/2022:21:53:40 +0000] "GET /PQ/?taskid=fda20f85-ed8b-4ee6-a9b8-4d5293fd4468 HTTP/1.1" 200 238
68.146.98.9 - - [17/Nov/2022:21:54:24 +0000] "GET /PDF-compression/Compression/Compression_module/Downloads/ HTTP/1.1" 200 300934251
68.146.98.9 - - [17/Nov/2022:21:59:51 +0000] "GET /PDF-compression/ HTTP/1.1" 200 5229
68.146.98.9 - - [17/Nov/2022:21:59:55 +0000] "GET / HTTP/1.1" 200 6301
68.146.98.9 - - [17/Nov/2022:22:00:08 +0000] "GET /PDF-compression/ HTTP/1.1" 200 5229
68.146.98.9 - - [17/Nov/2022:22:00:17 +0000] "POST /PDF-compression/ HTTP/1.1" 413 316
68.146.98.9 - - [17/Nov/2022:22:07:19 +0000] "GET / HTTP/1.1" 200 6301
68.146.98.9 - - [17/Nov/2022:22:07:30 +0000] "GET /PDF-compression/ HTTP/1.1" 200 5229
68.146.98.9 - - [17/Nov/2022:22:07:39 +0000] "POST /PDF-compression/ HTTP/1.1" 302 -
68.146.98.9 - - [17/Nov/2022:22:07:42 +0000] "GET /PDF-compression/Compression/ HTTP/1.1" 302 -
68.146.98.9 - - [17/Nov/2022:22:07:43 +0000] "GET /PDF-compression/Compression/Compression_module/ HTTP/1.1" 200 10956
68.146.98.9 - - [17/Nov/2022:22:07:43 +0000] "GET /PQ/?taskid=76d4f4fb-b199-4fb1-9b4b-913e43e6e74a HTTP/1.1" 200 233
68.146.98.9 - - [17/Nov/2022:22:07:49 +0000] "GET /PDF-compression/Compression/Compression_module/Downloads/ HTTP/1.1" 200 1038211
68.146.98.9 - - [17/Nov/2022:22:08:05 +0000] "GET /PDF-compression/ HTTP/1.1" 200 5229
68.146.98.9 - - [17/Nov/2022:22:08:15 +0000] "POST /PDF-compression/ HTTP/1.1" 413 316
68.146.98.9 - - [17/Nov/2022:22:09:14 +0000] "GET /PDF-compression/Compression/Compression_module/ HTTP/1.1" 200 8910
68.146.98.9 - - [17/Nov/2022:22:09:15 +0000] "GET /PDF-compression/Compression/Compression_module/Downloads/ HTTP/1.1" 200 3953
68.146.98.9 - - [17/Nov/2022:22:09:19 +0000] "GET /PDF-compression/ HTTP/1.1" 200 5229
68.146.98.9 - - [17/Nov/2022:22:09:28 +0000] "POST /PDF-compression/ HTTP/1.1" 302 -
68.146.98.9 - - [17/Nov/2022:22:10:10 +0000] "GET /PDF-compression/Compression/ HTTP/1.1" 302 -
68.146.98.9 - - [17/Nov/2022:22:10:10 +0000] "GET /PDF-compression/Compression/Compression_module/ HTTP/1.1" 200 10956
68.146.98.9 - - [17/Nov/2022:22:10:10 +0000] "GET /PQ/?taskid=a1e005a6-c591-4d84-843c-c84b28e9bc3a HTTP/1.1" 200 143
68.146.98.9 - - [17/Nov/2022:22:11:17 +0000] "GET /PDF-compression/Compression/Compression_module/Downloads/ HTTP/1.1" 200 454910610
68.146.98.9 - - [17/Nov/2022:22:23:27 +0000] "GET /PDF-compression/ HTTP/1.1" 200 5229
68.146.98.9 - - [17/Nov/2022:22:24:05 +0000] "POST /PDF-compression/ HTTP/1.1" 413 316
141.255.166.2 - - [17/Nov/2022:22:26:54 +0000] "GET / HTTP/1.1" 200 6301
68.146.98.9 - - [17/Nov/2022:22:54:09 +0000] "GET / HTTP/1.1" 200 6301
68.146.98.9 - - [17/Nov/2022:22:54:37 +0000] "GET /PDF-compression/ HTTP/1.1" 200 5229
68.146.98.9 - - [17/Nov/2022:22:54:49 +0000] "POST /PDF-compression/ HTTP/1.1" 413 316
68.146.98.9 - - [17/Nov/2022:22:55:27 +0000] "GET / HTTP/1.1" 200 6301
68.146.98.9 - - [17/Nov/2022:22:55:29 +0000] "GET /PDF-compression/ HTTP/1.1" 200 5229
68.146.98.9 - - [17/Nov/2022:22:55:41 +0000] "POST /PDF-compression/ HTTP/1.1" 302 -
68.146.98.9 - - [17/Nov/2022:22:55:42 +0000] "GET /PDF-compression/Compression/ HTTP/1.1" 302 -
68.146.98.9 - - [17/Nov/2022:22:55:42 +0000] "GET /PDF-compression/Compression/Compression_module/ HTTP/1.1" 200 11350
68.146.98.9 - - [17/Nov/2022:22:55:43 +0000] "GET /PQ/?taskid=b318608f-66c5-4e5c-a083-fddc1fce65ac HTTP/1.1" 200 149
68.146.98.9 - - [17/Nov/2022:22:55:53 +0000] "GET /PDF-compression/Compression/Compression_module/Downloads/ HTTP/1.1" 200 1727823
68.146.98.9 - - [17/Nov/2022:22:56:02 +0000] "GET /PDF-compression/ HTTP/1.1" 200 5229
68.146.98.9 - - [17/Nov/2022:22:56:14 +0000] "POST /PDF-compression/ HTTP/1.1" 413 316
37.139.128.91 - - [17/Nov/2022:22:56:14 +0000] "HEAD / HTTP/1.1" 200 -
37.139.128.91 - - [17/Nov/2022:22:56:14 +0000] "GET /info HTTP/1.1" 404 10131
37.139.128.91 - - [17/Nov/2022:22:56:14 +0000] "GET /phpinfo HTTP/1.1" 404 10140
37.139.128.91 - - [17/Nov/2022:22:56:15 +0000] "GET /_profiler/phpinfo HTTP/1.1" 404 10170
37.139.128.91 - - [17/Nov/2022:22:56:15 +0000] "GET /debug/default/view?panel=config HTTP/1.1" 404 10186
172.104.11.4 - - [17/Nov/2022:22:56:21 +0000] "\x16\x03\x01" 400 226
128.14.209.162 - - [17/Nov/2022:22:59:41 +0000] "GET / HTTP/1.1" 200 6301
68.146.98.9 - - [17/Nov/2022:23:01:18 +0000] "GET / HTTP/1.1" 200 6301
68.146.98.9 - - [17/Nov/2022:23:01:35 +0000] "GET / HTTP/1.1" 200 6301
68.146.98.9 - - [17/Nov/2022:23:05:31 +0000] "GET / HTTP/1.1" 200 6301
68.146.98.9 - - [17/Nov/2022:23:05:33 +0000] "GET /PDF-compression/ HTTP/1.1" 200 5229
68.146.98.9 - - [17/Nov/2022:23:05:46 +0000] "POST /PDF-compression/ HTTP/1.1" 302 -
68.146.98.9 - - [17/Nov/2022:23:06:31 +0000] "GET /PDF-compression/Compression/ HTTP/1.1" 302 -
68.146.98.9 - - [17/Nov/2022:23:06:31 +0000] "GET /PDF-compression/Compression/Compression_module/ HTTP/1.1" 200 10956
68.146.98.9 - - [17/Nov/2022:23:06:31 +0000] "GET /PQ/?taskid=195cd2d8-6c47-46e4-bfe1-7c15fa9f4378 HTTP/1.1" 200 238
68.146.98.9 - - [17/Nov/2022:23:07:18 +0000] "GET /PDF-compression/Compression/Compression_module/Downloads/ HTTP/1.1" 200 300934251
68.146.98.9 - - [17/Nov/2022:23:09:09 +0000] "GET /PDF-compression/ HTTP/1.1" 200 5229
68.146.98.9 - - [17/Nov/2022:23:09:18 +0000] "POST /PDF-compression/ HTTP/1.1" 302 -
68.146.98.9 - - [17/Nov/2022:23:13:33 +0000] "GET /PDF-compression/Compression/ HTTP/1.1" 302 -
68.146.98.9 - - [17/Nov/2022:23:13:34 +0000] "GET /PDF-compression/Compression/Compression_module/ HTTP/1.1" 200 18809
141.255.166.2 - - [17/Nov/2022:23:42:44 +0000] "GET / HTTP/1.1" 200 6301
159.65.142.44 - - [17/Nov/2022:23:48:42 +0000] "\x16\x03\x01" 400 226
159.65.142.44 - - [17/Nov/2022:23:48:42 +0000] "\x16\x03\x01" 400 226
159.65.142.44 - - [17/Nov/2022:23:48:42 +0000] "GET / HTTP/1.1" 200 6301
205.210.31.133 - - [17/Nov/2022:23:49:25 +0000] "GET / HTTP/1.1" 200 6301
68.146.98.9 - - [17/Nov/2022:23:13:34 +0000] "GET /PQ/?taskid=15311285-5b38-42b8-8ad7-43cdc50ea611 HTTP/1.1" 200 1993
68.146.98.9 - - [17/Nov/2022:23:53:32 +0000] "GET /PDF-compression/Compression/Compression_module/Downloads/ HTTP/1.1" 200 1096166029
41.220.240.210 - - [18/Nov/2022:00:00:38 +0000] "GET / HTTP/1.1" 200 6301
68.146.98.9 - - [18/Nov/2022:00:13:56 +0000] "GET / HTTP/1.1" 200 6301
68.146.98.9 - - [18/Nov/2022:00:14:06 +0000] "GET /PDF-compression/ HTTP/1.1" 200 5229
68.146.98.9 - - [18/Nov/2022:00:14:20 +0000] "POST /PDF-compression/ HTTP/1.1" 302 -
68.146.98.9 - - [18/Nov/2022:00:20:39 +0000] "GET /PDF-compression/Compression/ HTTP/1.1" 302 -
68.146.98.9 - - [18/Nov/2022:00:20:40 +0000] "GET /PDF-compression/Compression/Compression_module/ HTTP/1.1" 200 10956
68.146.98.9 - - [18/Nov/2022:00:20:40 +0000] "GET /PQ/?taskid=18bc4e63-821d-4f33-9c61-69006e2dfa2b HTTP/1.1" 200 238
68.146.98.9 - - [18/Nov/2022:00:21:26 +0000] "GET /PDF-compression/Compression/Compression_module/Downloads/ HTTP/1.1" 200 300934251
68.146.98.9 - - [18/Nov/2022:00:29:03 +0000] "GET /AudioMerge/ HTTP/1.1" 200 5212
68.146.98.9 - - [18/Nov/2022:00:29:03 +0000] "GET /static/css/background_color.css HTTP/1.1" 304 -
68.146.98.9 - - [18/Nov/2022:00:29:14 +0000] "POST /AudioMerge/ HTTP/1.1" 302 -
68.146.98.9 - - [18/Nov/2022:00:29:16 +0000] "GET /AudioMerge/Merge/ HTTP/1.1" 302 -
68.146.98.9 - - [18/Nov/2022:00:29:16 +0000] "GET /AudioMerge/Merge/Small_files/ HTTP/1.1" 302 -
68.146.98.9 - - [18/Nov/2022:00:29:16 +0000] "GET /AudioMerge/Merge/Small_files/Small_Async/ HTTP/1.1" 200 10993
68.146.98.9 - - [18/Nov/2022:00:29:16 +0000] "GET /static/css/wave_css.css HTTP/1.1" 200 2994
68.146.98.9 - - [18/Nov/2022:00:29:17 +0000] "GET /ASP/?taskid=cb383391-642d-4ee6-8fed-4e559e034baa HTTP/1.1" 200 125
68.146.98.9 - - [18/Nov/2022:00:29:27 +0000] "GET /AudioMerge/Merge/Small_files/Small_Async/Downloads/ HTTP/1.1" 200 7008592
68.146.98.9 - - [18/Nov/2022:00:29:39 +0000] "GET /AudioMerge/ HTTP/1.1" 200 5212
68.146.98.9 - - [18/Nov/2022:00:29:49 +0000] "POST /AudioMerge/ HTTP/1.1" 302 -
68.146.98.9 - - [18/Nov/2022:00:30:36 +0000] "GET /AudioMerge/Merge/ HTTP/1.1" 302 -
68.146.98.9 - - [18/Nov/2022:00:30:36 +0000] "GET /AudioMerge/Merge/Large_files/ HTTP/1.1" 302 -
68.146.98.9 - - [18/Nov/2022:00:30:36 +0000] "GET /AudioMerge/Merge/Large_files/Large_Async/ HTTP/1.1" 200 10995
68.146.98.9 - - [18/Nov/2022:00:30:36 +0000] "GET /ALP/?taskid=96c8981a-dca5-4efc-85af-2e9526c10e77 HTTP/1.1" 200 96
68.146.98.9 - - [18/Nov/2022:00:30:55 +0000] "GET /AudioMerge/ HTTP/1.1" 200 5212
68.146.98.9 - - [18/Nov/2022:00:30:38 +0000] "GET /AudioMerge/Merge/Large_files/Large_Async/Downloads/ HTTP/1.1" 200 467788264
68.146.98.9 - - [18/Nov/2022:00:32:25 +0000] "POST /AudioMerge/ HTTP/1.1" 302 -
68.146.98.9 - - [18/Nov/2022:00:32:32 +0000] "GET /AudioMerge/Merge/ HTTP/1.1" 302 -
68.146.98.9 - - [18/Nov/2022:00:32:32 +0000] "GET /AudioMerge/Merge/Mid_files/ HTTP/1.1" 302 -
68.146.98.9 - - [18/Nov/2022:00:32:32 +0000] "GET /AudioMerge/Merge/Mid_files/Processing/ HTTP/1.1" 302 -
68.146.98.9 - - [18/Nov/2022:00:32:32 +0000] "GET /AudioMerge/Merge/Mid_files/Processing/Mid_Async/ HTTP/1.1" 200 10994
68.146.98.9 - - [18/Nov/2022:00:32:32 +0000] "GET /AMP/?taskid=ebebf16d-97f7-4905-a13f-3c0262c6a453 HTTP/1.1" 200 96
68.146.98.9 - - [18/Nov/2022:00:33:49 +0000] "GET /AudioMerge/Merge/Mid_files/Processing/Mid_Async/Downloads/ HTTP/1.1" 200 56068057
141.255.166.2 - - [18/Nov/2022:00:40:23 +0000] "GET / HTTP/1.1" 200 6301
68.146.98.9 - - [18/Nov/2022:00:49:10 +0000] "GET /ConventionalAudiobook/ HTTP/1.1" 200 4195
68.146.98.9 - - [18/Nov/2022:00:49:11 +0000] "POST /ConventionalAudiobook/ HTTP/1.1" 302 -
68.146.98.9 - - [18/Nov/2022:00:49:12 +0000] "GET /ConventionalAudiobook/ConventionalAudiobook_upload/Default/ HTTP/1.1" 200 5121
68.146.98.9 - - [18/Nov/2022:00:49:41 +0000] "GET / HTTP/1.1" 200 6301
68.146.98.9 - - [18/Nov/2022:00:49:52 +0000] "GET /AudioMerge/ HTTP/1.1" 200 5212
68.146.98.9 - - [18/Nov/2022:00:49:53 +0000] "GET /PDF-compression/ HTTP/1.1" 200 5229
68.146.98.9 - - [18/Nov/2022:00:50:14 +0000] "POST /PDF-compression/ HTTP/1.1" 302 -
68.146.98.9 - - [18/Nov/2022:00:54:26 +0000] "GET /PDF-compression/Compression/ HTTP/1.1" 302 -
68.146.98.9 - - [18/Nov/2022:00:54:26 +0000] "GET /PDF-compression/Compression/Compression_module/ HTTP/1.1" 200 18809
45.33.80.243 - - [18/Nov/2022:01:00:51 +0000] "\x16\x03\x01" 400 226
192.241.194.190 - - [18/Nov/2022:01:14:29 +0000] "GET / HTTP/1.1" 200 6301
154.89.5.122 - - [18/Nov/2022:01:31:42 +0000] "GET / HTTP/1.1" 200 6301
68.146.98.9 - - [18/Nov/2022:00:54:26 +0000] "GET /PQ/?taskid=469ce2b6-1f9f-4b03-bb1e-34a5f2e10f32 HTTP/1.1" 200 1993
68.146.98.9 - - [18/Nov/2022:01:33:56 +0000] "GET /PDF-compression/Compression/Compression_module/Downloads/ HTTP/1.1" 200 1096171617
68.146.98.9 - - [18/Nov/2022:01:38:15 +0000] "GET /ConventionalAudiobook/ HTTP/1.1" 200 4195
68.146.98.9 - - [18/Nov/2022:01:38:17 +0000] "POST /ConventionalAudiobook/ HTTP/1.1" 302 -
68.146.98.9 - - [18/Nov/2022:01:38:17 +0000] "GET /ConventionalAudiobook/ConventionalAudiobook_upload/Default/ HTTP/1.1" 200 5121
68.146.98.9 - - [18/Nov/2022:01:38:33 +0000] "POST /ConventionalAudiobook/ConventionalAudiobook_upload/Default/ HTTP/1.1" 302 -
68.146.98.9 - - [18/Nov/2022:01:39:27 +0000] "GET /ConventionalAudiobook/ConventionalAudiobook_upload/Default/Default_Processing/ HTTP/1.1" 302 -
68.146.98.9 - - [18/Nov/2022:01:39:27 +0000] "GET /ConventionalAudiobook/ConventionalAudiobook_upload/Default/Default_Processing/Async/ HTTP/1.1" 200 143942
68.146.98.9 - - [18/Nov/2022:01:39:28 +0000] "GET /static/css/tree_style.css HTTP/1.1" 304 -
141.255.166.2 - - [18/Nov/2022:02:35:32 +0000] "GET / HTTP/1.1" 200 6301
45.79.181.104 - - [18/Nov/2022:02:59:27 +0000] "\x16\x03\x01" 400 226
92.118.39.78 - - [18/Nov/2022:03:14:57 +0000] "GET / HTTP/1.1" 200 6301
141.255.166.2 - - [18/Nov/2022:03:15:57 +0000] "GET / HTTP/1.1" 200 6301
194.55.186.97 - - [18/Nov/2022:03:20:43 +0000] "POST /cgi-bin/.%%%%32%%65/.%%%%32%%65/.%%%%32%%65/.%%%%32%%65/.%%%%32%%65/bin/sh HTTP/1.1" 400 226
198.235.24.133 - - [18/Nov/2022:03:36:43 +0000] "\x16\x03\x01" 400 226
172.105.77.209 - - [18/Nov/2022:03:46:55 +0000] "GET /0bef HTTP/1.0" 404 10131
::1 - - [18/Nov/2022:04:00:51 +0000] "GET /ConventionalAudiobook/ConventionalAudiobook_upload/Default/Default_Processing/Async/ HTTP/1.1" 200 142362
::1 - - [18/Nov/2022:04:00:55 +0000] "GET /static/css/background_color.css HTTP/1.1" 304 -
::1 - - [18/Nov/2022:04:00:55 +0000] "GET /static/css/tree_style.css HTTP/1.1" 304 -
::1 - - [18/Nov/2022:04:00:55 +0000] "GET /favicon.ico HTTP/1.1" 404 10147
::1 - - [18/Nov/2022:04:00:55 +0000] "GET /Process/?taskid=3a84c9d1-854f-497c-9bac-35ef11ceb077 HTTP/1.1" 500 61393
68.146.98.9 - - [18/Nov/2022:04:40:58 +0000] "GET /ConventionalAudiobook/ConventionalAudiobook_upload/Default/Default_Processing/Async/ HTTP/1.1" 200 142362
141.255.166.2 - - [18/Nov/2022:04:46:29 +0000] "GET / HTTP/1.1" 200 6301
45.79.181.223 - - [18/Nov/2022:05:04:29 +0000] "\x16\x03\x01" 400 226
98.20.134.57 - - [18/Nov/2022:05:29:14 +0000] "GET / HTTP/1.1" 200 6301
70.37.71.105 - - [18/Nov/2022:05:34:27 +0000] "GET /_phpmyadmin_/index.php?lang=en HTTP/1.1" 404 10193
70.37.71.105 - - [18/Nov/2022:05:34:27 +0000] "GET /sql/phpmyadmin3/index.php?lang=en HTTP/1.1" 404 10202
70.37.71.105 - - [18/Nov/2022:05:34:27 +0000] "GET /mysqlmanager/index.php?lang=en HTTP/1.1" 404 10193
70.37.71.105 - - [18/Nov/2022:05:34:27 +0000] "GET /phpmyadmin2016/index.php?lang=en HTTP/1.1" 404 10199
70.37.71.105 - - [18/Nov/2022:05:34:27 +0000] "GET /program/index.php?lang=en HTTP/1.1" 404 10178
70.37.71.105 - - [18/Nov/2022:05:34:27 +0000] "GET /phpMyAdmin-latest-english/index.php?lang=en HTTP/1.1" 404 10232
70.37.71.105 - - [18/Nov/2022:05:34:27 +0000] "GET /sql/sql-admin/index.php?lang=en HTTP/1.1" 404 10196
70.37.71.105 - - [18/Nov/2022:05:34:27 +0000] "GET /phppma/index.php?lang=en HTTP/1.1" 404 10175
70.37.71.105 - - [18/Nov/2022:05:34:27 +0000] "GET /sql/phpmyadmin5/index.php?lang=en HTTP/1.1" 404 10202
70.37.71.105 - - [18/Nov/2022:05:34:28 +0000] "GET /administrator/PMA/index.php?lang=en HTTP/1.1" 404 10208
70.37.71.105 - - [18/Nov/2022:05:34:28 +0000] "GET /db/websql/index.php?lang=en HTTP/1.1" 404 10184
70.37.71.105 - - [18/Nov/2022:05:34:28 +0000] "GET /sql/php-myadmin/index.php?lang=en HTTP/1.1" 404 10202
70.37.71.105 - - [18/Nov/2022:05:34:28 +0000] "GET /sql/phpmanager/index.php?lang=en HTTP/1.1" 404 10199
70.37.71.105 - - [18/Nov/2022:05:34:28 +0000] "GET /phpMyAdmin-5.1.3/index.php?lang=en HTTP/1.1" 404 10205
70.37.71.105 - - [18/Nov/2022:05:34:28 +0000] "GET /phpMyAdmin-5.3.0-all-languages/index.php?lang=en HTTP/1.1" 404 10247
70.37.71.105 - - [18/Nov/2022:05:34:28 +0000] "GET /phpmyadmin_/index.php?lang=en HTTP/1.1" 404 10190
70.37.71.105 - - [18/Nov/2022:05:34:28 +0000] "GET /_phpmyadmin/index.php?lang=en HTTP/1.1" 404 10190
70.37.71.105 - - [18/Nov/2022:05:34:28 +0000] "GET /phpMyAdmin-5.2.0-all-languages/index.php?lang=en HTTP/1.1" 404 10247
70.37.71.105 - - [18/Nov/2022:05:34:28 +0000] "GET /sql/phpMyAdmin2/index.php?lang=en HTTP/1.1" 404 10202
70.37.71.105 - - [18/Nov/2022:05:34:28 +0000] "GET /phpMyAdmin/index.php?lang=en HTTP/1.1" 404 10187
70.37.71.105 - - [18/Nov/2022:05:34:28 +0000] "GET /_phpmyadmin_/index.php?lang=en HTTP/1.1" 404 10193
70.37.71.105 - - [18/Nov/2022:05:34:28 +0000] "GET /phpMyAdmin2/index.php?lang=en HTTP/1.1" 404 10190
70.37.71.105 - - [18/Nov/2022:05:34:28 +0000] "GET /mysql/db/index.php?lang=en HTTP/1.1" 404 10181
70.37.71.105 - - [18/Nov/2022:05:34:28 +0000] "GET /database/index.php?lang=en HTTP/1.1" 404 10181
70.37.71.105 - - [18/Nov/2022:05:34:28 +0000] "GET /db/phpmyadmin/index.php?lang=en HTTP/1.1" 404 10196
70.37.71.105 - - [18/Nov/2022:05:34:29 +0000] "GET /phpmyadmin2013/index.php?lang=en HTTP/1.1" 404 10199
70.37.71.105 - - [18/Nov/2022:05:34:29 +0000] "GET /phpMyAdmin-4.9.10-all-languages/index.php?lang=en HTTP/1.1" 404 10250
70.37.71.105 - - [18/Nov/2022:05:34:29 +0000] "GET /mysql/pMA/index.php?lang=en HTTP/1.1" 404 10184
70.37.71.105 - - [18/Nov/2022:05:34:29 +0000] "GET /admin/sysadmin/index.php?lang=en HTTP/1.1" 302 -
70.37.71.105 - - [18/Nov/2022:05:34:29 +0000] "GET /admin/login/?next=/admin/sysadmin/index.php%3Flang%3Den HTTP/1.1" 200 2274
70.37.71.105 - - [18/Nov/2022:05:34:29 +0000] "GET /dbadmin/index.php?lang=en HTTP/1.1" 404 10178
70.37.71.105 - - [18/Nov/2022:05:34:29 +0000] "GET /mysql/mysqlmanager/index.php?lang=en HTTP/1.1" 404 10211
70.37.71.105 - - [18/Nov/2022:05:34:29 +0000] "GET /administrator/db/index.php?lang=en HTTP/1.1" 404 10205
70.37.71.105 - - [18/Nov/2022:05:34:29 +0000] "GET /phpMyAdmin5.1/index.php?lang=en HTTP/1.1" 404 10196
70.37.71.105 - - [18/Nov/2022:05:34:29 +0000] "GET /mysqlmanager/index.php?lang=en HTTP/1.1" 404 10193
70.37.71.105 - - [18/Nov/2022:05:34:29 +0000] "GET /db/phpmyadmin4/index.php?lang=en HTTP/1.1" 404 10199
70.37.71.105 - - [18/Nov/2022:05:34:29 +0000] "GET /sql/sqladmin/index.php?lang=en HTTP/1.1" 404 10193
70.37.71.105 - - [18/Nov/2022:05:34:29 +0000] "GET /mysql/dbadmin/index.php?lang=en HTTP/1.1" 404 10196
70.37.71.105 - - [18/Nov/2022:05:34:29 +0000] "GET /phpmyadmin_/index.php?lang=en HTTP/1.1" 404 10190
70.37.71.105 - - [18/Nov/2022:05:34:30 +0000] "GET /admin/sqladmin/index.php?lang=en HTTP/1.1" 302 -
70.37.71.105 - - [18/Nov/2022:05:34:30 +0000] "GET /admin/login/?next=/admin/sqladmin/index.php%3Flang%3Den HTTP/1.1" 200 2274
70.37.71.105 - - [18/Nov/2022:05:34:30 +0000] "GET /phpMyAdmin5.2/index.php?lang=en HTTP/1.1" 404 10196
70.37.71.105 - - [18/Nov/2022:05:34:30 +0000] "GET /sql/phpmyadmin5/index.php?lang=en HTTP/1.1" 404 10202
70.37.71.105 - - [18/Nov/2022:05:34:30 +0000] "GET /administrator/admin/index.php?lang=en HTTP/1.1" 404 10214
70.37.71.105 - - [18/Nov/2022:05:34:30 +0000] "GET /phpmyadmin2/index.php?lang=en HTTP/1.1" 404 10190
70.37.71.105 - - [18/Nov/2022:05:34:30 +0000] "GET /phpmyadmin2021/index.php?lang=en HTTP/1.1" 404 10199
70.37.71.105 - - [18/Nov/2022:05:34:30 +0000] "GET /phpmyadmin2020/index.php?lang=en HTTP/1.1" 404 10199
70.37.71.105 - - [18/Nov/2022:05:34:30 +0000] "GET /mysql/sqlmanager/index.php?lang=en HTTP/1.1" 404 10205
70.37.71.105 - - [18/Nov/2022:05:34:30 +0000] "GET /phpmyAdmin/index.php?lang=en HTTP/1.1" 404 10187
70.37.71.105 - - [18/Nov/2022:05:34:30 +0000] "GET /myadmin/index.php?lang=en HTTP/1.1" 404 10178
70.37.71.105 - - [18/Nov/2022:05:34:30 +0000] "GET /sql/phpmyadmin4/index.php?lang=en HTTP/1.1" 404 10202
70.37.71.105 - - [18/Nov/2022:05:34:30 +0000] "GET /sql/sqlweb/index.php?lang=en HTTP/1.1" 404 10187
70.37.71.105 - - [18/Nov/2022:05:34:30 +0000] "GET /mysql/index.php?lang=en HTTP/1.1" 404 10172
70.37.71.105 - - [18/Nov/2022:05:34:30 +0000] "GET /phppma/index.php?lang=en HTTP/1.1" 404 10175
70.37.71.105 - - [18/Nov/2022:05:34:30 +0000] "GET /database/index.php?lang=en HTTP/1.1" 404 10181
70.37.71.105 - - [18/Nov/2022:05:34:31 +0000] "GET /administrator/PMA/index.php?lang=en HTTP/1.1" 404 10208
70.37.71.105 - - [18/Nov/2022:05:34:31 +0000] "GET /phpmyadmin/index.php?lang=en HTTP/1.1" 404 10187
70.37.71.105 - - [18/Nov/2022:05:34:31 +0000] "GET /phpMyAdmin-5.1.2/index.php?lang=en HTTP/1.1" 404 10205
70.37.71.105 - - [18/Nov/2022:05:34:31 +0000] "GET /phpMyAdmin-5.3.0/index.php?lang=en HTTP/1.1" 404 10205
70.37.71.105 - - [18/Nov/2022:05:34:31 +0000] "GET /phpMyAdmin4/index.php?lang=en HTTP/1.1" 404 10190
70.37.71.105 - - [18/Nov/2022:05:34:31 +0000] "GET /sql/phpmyadmin3/index.php?lang=en HTTP/1.1" 404 10202
70.37.71.105 - - [18/Nov/2022:05:34:31 +0000] "GET /phpMyAdmin-4.9.10-all-languages/index.php?lang=en HTTP/1.1" 404 10250
70.37.71.105 - - [18/Nov/2022:05:34:31 +0000] "GET /sql/phpmyadmin3/index.php?lang=en HTTP/1.1" 404 10202
70.37.71.105 - - [18/Nov/2022:05:34:31 +0000] "GET /admin/db/index.php?lang=en HTTP/1.1" 302 -
70.37.71.105 - - [18/Nov/2022:05:34:31 +0000] "GET /admin/login/?next=/admin/db/index.php%3Flang%3Den HTTP/1.1" 200 2262
70.37.71.105 - - [18/Nov/2022:05:34:31 +0000] "GET /phpmyadmin2019/index.php?lang=en HTTP/1.1" 404 10199
70.37.71.105 - - [18/Nov/2022:05:34:31 +0000] "GET /mysql/sqlmanager/index.php?lang=en HTTP/1.1" 404 10205
70.37.71.105 - - [18/Nov/2022:05:34:31 +0000] "GET /program/index.php?lang=en HTTP/1.1" 404 10178
70.37.71.105 - - [18/Nov/2022:05:34:31 +0000] "GET /admin/sysadmin/index.php?lang=en HTTP/1.1" 302 -
70.37.71.105 - - [18/Nov/2022:05:34:31 +0000] "GET /admin/login/?next=/admin/sysadmin/index.php%3Flang%3Den HTTP/1.1" 200 2274
70.37.71.105 - - [18/Nov/2022:05:34:31 +0000] "GET /sql/phpmanager/index.php?lang=en HTTP/1.1" 404 10199
70.37.71.105 - - [18/Nov/2022:05:34:31 +0000] "GET /phpMyAdmin-latest-english/index.php?lang=en HTTP/1.1" 404 10232
70.37.71.105 - - [18/Nov/2022:05:34:32 +0000] "GET /phpmyadmin2021/index.php?lang=en HTTP/1.1" 404 10199
70.37.71.105 - - [18/Nov/2022:05:34:32 +0000] "GET /db/myadmin/index.php?lang=en HTTP/1.1" 404 10187
70.37.71.105 - - [18/Nov/2022:05:34:32 +0000] "GET /sql/phpmyadmin4/index.php?lang=en HTTP/1.1" 404 10202
70.37.71.105 - - [18/Nov/2022:05:34:32 +0000] "GET /phpmyadmin2020/index.php?lang=en HTTP/1.1" 404 10199
70.37.71.105 - - [18/Nov/2022:05:34:32 +0000] "GET /administrator/pma/index.php?lang=en HTTP/1.1" 404 10208
70.37.71.105 - - [18/Nov/2022:05:34:32 +0000] "GET /phpMyAdmin-5.1.1/index.php?lang=en HTTP/1.1" 404 10205
70.37.71.105 - - [18/Nov/2022:05:34:32 +0000] "GET /database/index.php?lang=en HTTP/1.1" 404 10181
70.37.71.105 - - [18/Nov/2022:05:34:32 +0000] "GET /phpMyAdmin-5.2.0/index.php?lang=en HTTP/1.1" 404 10205
70.37.71.105 - - [18/Nov/2022:05:34:32 +0000] "GET /mysql/admin/index.php?lang=en HTTP/1.1" 404 10190
70.37.71.105 - - [18/Nov/2022:05:34:32 +0000] "GET /db/webadmin/index.php?lang=en HTTP/1.1" 404 10190
70.37.71.105 - - [18/Nov/2022:05:34:32 +0000] "GET /MyAdmin/index.php?lang=en HTTP/1.1" 404 10178
70.37.71.105 - - [18/Nov/2022:05:34:32 +0000] "GET /phpmyadmin2012/index.php?lang=en HTTP/1.1" 404 10199
70.37.71.105 - - [18/Nov/2022:05:34:32 +0000] "GET /admin/db/index.php?lang=en HTTP/1.1" 302 -
70.37.71.105 - - [18/Nov/2022:05:34:32 +0000] "GET /admin/login/?next=/admin/db/index.php%3Flang%3Den HTTP/1.1" 200 2262
70.37.71.105 - - [18/Nov/2022:05:34:32 +0000] "GET /db/phpMyAdmin-5/index.php?lang=en HTTP/1.1" 404 10202
70.37.71.105 - - [18/Nov/2022:05:34:32 +0000] "GET /sql/sqlweb/index.php?lang=en HTTP/1.1" 404 10187
70.37.71.105 - - [18/Nov/2022:05:34:32 +0000] "GET /phpmyadmin2021/index.php?lang=en HTTP/1.1" 404 10199
70.37.71.105 - - [18/Nov/2022:05:34:33 +0000] "GET /phpMyAdmin-3/index.php?lang=en HTTP/1.1" 404 10193
70.37.71.105 - - [18/Nov/2022:05:34:33 +0000] "GET /administrator/phpmyadmin/index.php?lang=en HTTP/1.1" 404 10229
70.37.71.105 - - [18/Nov/2022:05:34:33 +0000] "GET /sql/myadmin/index.php?lang=en HTTP/1.1" 404 10190
70.37.71.105 - - [18/Nov/2022:05:34:33 +0000] "GET /mysql/sqlmanager/index.php?lang=en HTTP/1.1" 404 10205
70.37.71.105 - - [18/Nov/2022:05:34:33 +0000] "GET /php-my-admin/index.php?lang=en HTTP/1.1" 404 10193
70.37.71.105 - - [18/Nov/2022:05:34:33 +0000] "GET /administrator/db/index.php?lang=en HTTP/1.1" 404 10205
70.37.71.105 - - [18/Nov/2022:05:34:33 +0000] "GET /db/phpMyAdmin/index.php?lang=en HTTP/1.1" 404 10196
70.37.71.105 - - [18/Nov/2022:05:34:33 +0000] "GET /db/phpMyAdmin3/index.php?lang=en HTTP/1.1" 404 10199
70.37.71.105 - - [18/Nov/2022:05:34:33 +0000] "GET /mysql-admin/index.php?lang=en HTTP/1.1" 404 10190
70.37.71.105 - - [18/Nov/2022:05:34:33 +0000] "GET /phpmyadmin2011/index.php?lang=en HTTP/1.1" 404 10199
70.37.71.105 - - [18/Nov/2022:05:34:33 +0000] "GET /db/phpMyAdmin-5/index.php?lang=en HTTP/1.1" 404 10202
70.37.71.105 - - [18/Nov/2022:05:34:33 +0000] "GET /phpMyAdmin-4.9.10-all-languages/index.php?lang=en HTTP/1.1" 404 10250
70.37.71.105 - - [18/Nov/2022:05:34:33 +0000] "GET /phpmyadmin2017/index.php?lang=en HTTP/1.1" 404 10199
70.37.71.105 - - [18/Nov/2022:05:34:33 +0000] "GET /sql/phpmyadmin5/index.php?lang=en HTTP/1.1" 404 10202
70.37.71.105 - - [18/Nov/2022:05:34:33 +0000] "GET /phpmyadmin4/index.php?lang=en HTTP/1.1" 404 10190
70.37.71.105 - - [18/Nov/2022:05:34:34 +0000] "GET /admin/db/index.php?lang=en HTTP/1.1" 302 -
70.37.71.105 - - [18/Nov/2022:05:34:34 +0000] "GET /admin/login/?next=/admin/db/index.php%3Flang%3Den HTTP/1.1" 200 2262
70.37.71.105 - - [18/Nov/2022:05:34:34 +0000] "GET /administrator/phpMyAdmin/index.php?lang=en HTTP/1.1" 404 10229
70.37.71.105 - - [18/Nov/2022:05:34:34 +0000] "GET /admin/sysadmin/index.php?lang=en HTTP/1.1" 302 -
70.37.71.105 - - [18/Nov/2022:05:34:34 +0000] "GET /admin/login/?next=/admin/sysadmin/index.php%3Flang%3Den HTTP/1.1" 200 2274
70.37.71.105 - - [18/Nov/2022:05:34:34 +0000] "GET /db/phpMyAdmin-3/index.php?lang=en HTTP/1.1" 404 10202
70.37.71.105 - - [18/Nov/2022:05:34:34 +0000] "GET /admin/phpMyAdmin/index.php?lang=en HTTP/1.1" 302 -
70.37.71.105 - - [18/Nov/2022:05:34:34 +0000] "GET /admin/login/?next=/admin/phpMyAdmin/index.php%3Flang%3Den HTTP/1.1" 200 2278
70.37.71.105 - - [18/Nov/2022:05:34:34 +0000] "GET /mysql-admin/index.php?lang=en HTTP/1.1" 404 10190
70.37.71.105 - - [18/Nov/2022:05:34:34 +0000] "GET /db/websql/index.php?lang=en HTTP/1.1" 404 10184
70.37.71.105 - - [18/Nov/2022:05:34:34 +0000] "GET /phpmyadmin2015/index.php?lang=en HTTP/1.1" 404 10199
70.37.71.105 - - [18/Nov/2022:05:34:34 +0000] "GET /phpmyadmin2011/index.php?lang=en HTTP/1.1" 404 10199
70.37.71.105 - - [18/Nov/2022:05:34:34 +0000] "GET /db/phpMyAdmin/index.php?lang=en HTTP/1.1" 404 10196
70.37.71.105 - - [18/Nov/2022:05:34:34 +0000] "GET /phpMyAdmin-latest-english/index.php?lang=en HTTP/1.1" 404 10232
70.37.71.105 - - [18/Nov/2022:05:34:34 +0000] "GET /phpMyAdmin-latest-all-languages/index.php?lang=en HTTP/1.1" 404 10250
70.37.71.105 - - [18/Nov/2022:05:34:34 +0000] "GET /phpmy-admin/index.php?lang=en HTTP/1.1" 404 10190
70.37.71.105 - - [18/Nov/2022:05:34:34 +0000] "GET /_phpMyAdmin/index.php?lang=en HTTP/1.1" 404 10190
70.37.71.105 - - [18/Nov/2022:05:34:35 +0000] "GET /sql/phpMyAdmin2/index.php?lang=en HTTP/1.1" 404 10202
70.37.71.105 - - [18/Nov/2022:05:34:35 +0000] "GET /phpmyadmin2017/index.php?lang=en HTTP/1.1" 404 10199
70.37.71.105 - - [18/Nov/2022:05:34:35 +0000] "GET /phpmyadmin2/index.php?lang=en HTTP/1.1" 404 10190
70.37.71.105 - - [18/Nov/2022:05:34:35 +0000] "GET /sql/websql/index.php?lang=en HTTP/1.1" 404 10187
70.37.71.105 - - [18/Nov/2022:05:34:35 +0000] "GET /phpMyAdmin-5.3.0-all-languages/index.php?lang=en HTTP/1.1" 404 10247
70.37.71.105 - - [18/Nov/2022:05:34:35 +0000] "GET /administrator/admin/index.php?lang=en HTTP/1.1" 404 10214
70.37.71.105 - - [18/Nov/2022:05:34:35 +0000] "GET /admin/sqladmin/index.php?lang=en HTTP/1.1" 302 -
70.37.71.105 - - [18/Nov/2022:05:34:35 +0000] "GET /admin/login/?next=/admin/sqladmin/index.php%3Flang%3Den HTTP/1.1" 200 2274
70.37.71.105 - - [18/Nov/2022:05:34:35 +0000] "GET /phpMyAdmin-5.1.1/index.php?lang=en HTTP/1.1" 404 10205
70.37.71.105 - - [18/Nov/2022:05:34:35 +0000] "GET /db/phpMyAdmin-5/index.php?lang=en HTTP/1.1" 404 10202
70.37.71.105 - - [18/Nov/2022:05:34:35 +0000] "GET /sql/sqlweb/index.php?lang=en HTTP/1.1" 404 10187
70.37.71.105 - - [18/Nov/2022:05:34:35 +0000] "GET /2phpmyadmin/index.php?lang=en HTTP/1.1" 404 10190
70.37.71.105 - - [18/Nov/2022:05:34:35 +0000] "GET /sql/myadmin/index.php?lang=en HTTP/1.1" 404 10190
70.37.71.105 - - [18/Nov/2022:05:34:35 +0000] "GET /sql/phpmanager/index.php?lang=en HTTP/1.1" 404 10199
193.106.29.122 - - [18/Nov/2022:05:44:36 +0000] "GET / HTTP/1.0" 200 6301
141.255.166.2 - - [18/Nov/2022:05:46:05 +0000] "GET / HTTP/1.1" 200 6301
68.146.98.9 - - [18/Nov/2022:01:39:28 +0000] "GET /Process/?taskid=a8c3d2cf-a372-492a-9466-2160b43bd744 HTTP/1.1" 200 130
68.146.98.9 - - [18/Nov/2022:04:41:06 +0000] "GET /Process/?taskid=a8c3d2cf-a372-492a-9466-2160b43bd744 HTTP/1.1" 200 130
68.146.98.9 - - [18/Nov/2022:05:51:06 +0000] "GET /ConventionalAudiobook/ConventionalAudiobook_upload/Default/Default_Processing/Async/Downloads/ HTTP/1.1" 200 2305782196
194.55.186.97 - - [18/Nov/2022:06:37:30 +0000] "POST /cgi-bin/.%%%%32%%65/.%%%%32%%65/.%%%%32%%65/.%%%%32%%65/.%%%%32%%65/bin/sh HTTP/1.1" 400 226
205.210.31.14 - - [18/Nov/2022:06:38:29 +0000] "GET / HTTP/1.0" 200 6301
170.64.148.10 - - [18/Nov/2022:06:53:00 +0000] "\x16\x03\x01" 400 226
170.64.148.10 - - [18/Nov/2022:06:53:00 +0000] "\x16\x03\x01" 400 226
170.64.148.10 - - [18/Nov/2022:06:53:01 +0000] "GET / HTTP/1.1" 200 6301
192.155.90.220 - - [18/Nov/2022:07:04:24 +0000] "\x16\x03\x01" 400 226
193.118.53.194 - - [18/Nov/2022:07:17:09 +0000] "GET / HTTP/1.1" 200 6301
193.118.53.194 - - [18/Nov/2022:07:17:09 +0000] "GET /showLogin.cc HTTP/1.1" 404 10155
103.156.225.194 - - [18/Nov/2022:07:32:25 +0000] "GET / HTTP/1.1" 200 6301
141.255.166.2 - - [18/Nov/2022:07:37:28 +0000] "GET / HTTP/1.1" 200 6301
184.105.139.98 - - [18/Nov/2022:08:01:42 +0000] "GET / HTTP/1.1" 200 6301
184.105.139.86 - - [18/Nov/2022:08:06:15 +0000] "GET /favicon.ico HTTP/1.1" 404 10152
141.255.166.2 - - [18/Nov/2022:08:11:29 +0000] "GET / HTTP/1.1" 200 6301
66.175.213.4 - - [18/Nov/2022:09:01:56 +0000] "\x16\x03\x01" 400 226
194.180.48.125 - - [18/Nov/2022:09:04:50 +0000] "GET /docker-compose.yml HTTP/1.1" 404 10173
141.255.166.2 - - [18/Nov/2022:10:13:37 +0000] "GET / HTTP/1.1" 200 6301
87.236.176.180 - - [18/Nov/2022:10:18:28 +0000] "GET / HTTP/1.1" 200 6301
94.102.61.10 - - [18/Nov/2022:10:20:14 +0000] "GET / HTTP/1.1" 200 6301
45.79.181.223 - - [18/Nov/2022:11:05:55 +0000] "\x16\x03\x01" 400 226
152.89.196.211 - - [18/Nov/2022:11:12:20 +0000] "POST /vendor/phpunit/phpunit/src/Util/PHP/eval-stdin.php HTTP/1.1" 404 10273
152.89.196.211 - - [18/Nov/2022:11:27:58 +0000] "GET /vendor/phpunit/phpunit/src/Util/PHP/eval-stdin.php HTTP/1.1" 404 10272
152.89.196.211 - - [18/Nov/2022:11:29:52 +0000] "GET /solr/admin/info/system?wt=json HTTP/1.1" 404 10196
152.89.196.211 - - [18/Nov/2022:11:42:47 +0000] "GET /index.php?s=/Index/\\think\\app/invokefunction&function=call_user_func_array&vars[0]=md5&vars[1][]=HelloThinkPHP21 HTTP/1.1" 404 10268
152.89.196.211 - - [18/Nov/2022:11:55:33 +0000] "GET /?a=fetch&content=<php>die(@md5(HelloThinkCMF))</php> HTTP/1.1" 200 6301
152.89.196.211 - - [18/Nov/2022:12:06:03 +0000] "GET /?XDEBUG_SESSION_START=phpstorm HTTP/1.1" 200 6301
141.255.166.2 - - [18/Nov/2022:12:15:45 +0000] "GET / HTTP/1.1" 200 6301
35.233.62.116 - - [18/Nov/2022:12:22:01 +0000] "GET / HTTP/1.1" 200 6301
152.89.196.211 - - [18/Nov/2022:12:27:36 +0000] "GET /console/ HTTP/1.1" 404 10146
62.233.50.163 - - [18/Nov/2022:12:40:15 +0000] "GET / HTTP/1.0" 200 6301
152.89.196.211 - - [18/Nov/2022:12:40:39 +0000] "POST /Autodiscover/Autodiscover.xml HTTP/1.1" 404 10210
141.255.166.2 - - [18/Nov/2022:12:45:10 +0000] "GET / HTTP/1.1" 200 6301
45.79.128.205 - - [18/Nov/2022:12:50:13 +0000] "\x16\x03\x01" 400 226
152.89.196.211 - - [18/Nov/2022:12:50:26 +0000] "GET /_ignition/execute-solution HTTP/1.1" 404 10200
4.227.245.176 - - [18/Nov/2022:12:56:18 +0000] "HEAD /robots.txt HTTP/1.0" 404 -
152.89.196.211 - - [18/Nov/2022:13:03:08 +0000] "GET / HTTP/1.1" 200 6301
152.89.196.211 - - [18/Nov/2022:13:08:34 +0000] "POST /cgi-bin/.%2e/.%2e/.%2e/.%2e/bin/sh HTTP/1.1" 400 226
62.233.50.163 - - [18/Nov/2022:13:16:00 +0000] "GET / HTTP/1.0" 200 6301
152.89.196.211 - - [18/Nov/2022:13:21:13 +0000] "GET / HTTP/1.1" 200 6301
198.235.24.129 - - [18/Nov/2022:13:21:42 +0000] "\x16\x03\x01" 400 226
152.89.196.211 - - [18/Nov/2022:13:25:16 +0000] "GET /actuator/gateway/routes HTTP/1.1" 404 10191
4.227.245.176 - - [18/Nov/2022:13:40:16 +0000] "GET / HTTP/1.1" 200 6301
62.233.50.163 - - [18/Nov/2022:14:05:53 +0000] "GET / HTTP/1.0" 200 6301
139.162.221.102 - - [18/Nov/2022:14:15:27 +0000] "GET / HTTP/1.1" 200 6301
68.146.98.9 - - [18/Nov/2022:14:24:48 +0000] "GET /ConventionalAudiobook/ConventionalAudiobook_upload/Default/Default_Processing/Async/ HTTP/1.1" 200 142362
68.146.98.9 - - [18/Nov/2022:14:24:54 +0000] "GET /static/css/background_color.css HTTP/1.1" 304 -
68.146.98.9 - - [18/Nov/2022:14:24:54 +0000] "GET /static/css/tree_style.css HTTP/1.1" 304 -
68.146.98.9 - - [18/Nov/2022:14:24:54 +0000] "GET /Process/?taskid=a8c3d2cf-a372-492a-9466-2160b43bd744 HTTP/1.1" 200 130
68.146.98.9 - - [18/Nov/2022:14:24:55 +0000] "GET /ConventionalAudiobook/ConventionalAudiobook_upload/Default/Default_Processing/Async/Downloads/ HTTP/1.1" 200 3953
68.146.98.9 - - [18/Nov/2022:14:25:23 +0000] "GET / HTTP/1.1" 200 6301
68.146.98.9 - - [18/Nov/2022:14:25:23 +0000] "GET / HTTP/1.1" 200 6301
68.146.98.9 - - [18/Nov/2022:14:25:26 +0000] "GET /ConventionalAudiobook/ HTTP/1.1" 200 4195
68.146.98.9 - - [18/Nov/2022:14:25:27 +0000] "GET /VoiceSynthesis/ HTTP/1.1" 200 4308
68.146.98.9 - - [18/Nov/2022:14:25:28 +0000] "GET /PDF-compression/ HTTP/1.1" 200 5229
68.146.98.9 - - [18/Nov/2022:14:25:30 +0000] "GET /AudioMerge/ HTTP/1.1" 200 5212
68.146.98.9 - - [18/Nov/2022:14:25:31 +0000] "GET / HTTP/1.1" 200 6301
68.146.98.9 - - [18/Nov/2022:14:36:19 +0000] "GET /AudioMerge/ HTTP/1.1" 200 5212
68.146.98.9 - - [18/Nov/2022:14:36:34 +0000] "GET /PDF-compression/ HTTP/1.1" 200 5229
68.146.98.9 - - [18/Nov/2022:14:36:35 +0000] "GET /VoiceSynthesis/ HTTP/1.1" 200 4308
68.146.98.9 - - [18/Nov/2022:14:36:35 +0000] "GET /ConventionalAudiobook/ HTTP/1.1" 200 4195
68.146.98.9 - - [18/Nov/2022:14:37:19 +0000] "GET /VoiceSynthesis/ HTTP/1.1" 200 4308
68.146.98.9 - - [18/Nov/2022:14:37:20 +0000] "GET /PDF-compression/ HTTP/1.1" 200 5229
68.146.98.9 - - [18/Nov/2022:14:37:21 +0000] "GET /AudioMerge/ HTTP/1.1" 200 5212
185.108.106.238 - - [18/Nov/2022:14:42:38 +0000] "GET /.env HTTP/1.1" 404 10131
185.108.106.237 - - [18/Nov/2022:14:42:38 +0000] "GET /?%3Cplay%3Ewithme%3C/%3E HTTP/1.1" 200 6301
185.108.106.237 - - [18/Nov/2022:14:42:39 +0000] "POST / HTTP/1.1" 403 2870
185.108.106.237 - - [18/Nov/2022:14:42:39 +0000] "POST / HTTP/1.1" 403 2870
62.233.50.163 - - [18/Nov/2022:14:43:49 +0000] "GET / HTTP/1.0" 200 6301
3.15.180.63 - - [18/Nov/2022:14:44:34 +0000] "GET /.git/config HTTP/1.1" 404 10152
68.146.98.9 - - [18/Nov/2022:14:50:45 +0000] "GET /PDF-compression/ HTTP/1.1" 200 5229
68.146.98.9 - - [18/Nov/2022:14:50:46 +0000] "GET /VoiceSynthesis/ HTTP/1.1" 200 4308
68.146.98.9 - - [18/Nov/2022:14:50:47 +0000] "GET /ConventionalAudiobook/ HTTP/1.1" 200 4195
141.255.166.2 - - [18/Nov/2022:15:08:28 +0000] "GET / HTTP/1.1" 200 6301
172.105.128.12 - - [18/Nov/2022:15:13:10 +0000] "\x16\x03\x01" 400 226
164.90.188.156 - - [18/Nov/2022:15:15:51 +0000] "\x16\x03\x01" 400 226
164.90.188.156 - - [18/Nov/2022:15:15:51 +0000] "\x16\x03\x01" 400 226
164.90.188.156 - - [18/Nov/2022:15:15:51 +0000] "GET / HTTP/1.1" 200 6301
141.255.166.2 - - [18/Nov/2022:16:39:49 +0000] "GET / HTTP/1.1" 200 6301
128.1.248.26 - - [18/Nov/2022:16:49:00 +0000] "GET / HTTP/1.1" 200 6301
20.13.128.149 - - [18/Nov/2022:16:52:32 +0000] "GET /.env HTTP/1.1" 404 10131
20.13.128.149 - - [18/Nov/2022:16:52:32 +0000] "POST / HTTP/1.1" 403 2870
45.79.181.179 - - [18/Nov/2022:16:53:07 +0000] "\x16\x03\x01" 400 226
68.146.98.9 - - [18/Nov/2022:17:30:14 +0000] "GET / HTTP/1.1" 200 6301
68.146.98.9 - - [18/Nov/2022:17:30:23 +0000] "GET /ConventionalAudiobook/ HTTP/1.1" 200 4195
68.146.98.9 - - [18/Nov/2022:17:31:34 +0000] "GET /VoiceSynthesis/ HTTP/1.1" 200 4308
68.146.98.9 - - [18/Nov/2022:17:33:13 +0000] "GET /PDF-compression/ HTTP/1.1" 200 5229
68.146.98.9 - - [18/Nov/2022:17:33:14 +0000] "GET /AudioMerge/ HTTP/1.1" 200 5212
68.146.98.9 - - [18/Nov/2022:17:33:59 +0000] "GET /AudioMerge/ HTTP/1.1" 200 5212
141.255.166.2 - - [18/Nov/2022:17:56:48 +0000] "GET / HTTP/1.1" 200 6301
141.255.166.2 - - [18/Nov/2022:18:36:43 +0000] "GET / HTTP/1.1" 200 6301
54.37.79.75 - - [18/Nov/2022:18:47:24 +0000] "POST / HTTP/1.1" 403 2870
54.37.79.75 - - [18/Nov/2022:18:47:24 +0000] "GET /.env HTTP/1.1" 404 10131
45.33.80.243 - - [18/Nov/2022:18:52:40 +0000] "\x16\x03\x01" 400 226
192.241.205.41 - - [18/Nov/2022:19:39:48 +0000] "GET /portal/redlion HTTP/1.1" 404 10161
74.82.47.8 - - [18/Nov/2022:19:48:16 +0000] "GET http://api.ipify.org/?format=json HTTP/1.1" 400 62271
192.241.211.25 - - [18/Nov/2022:20:09:49 +0000] "GET /actuator/health HTTP/1.1" 404 10164
192.241.196.221 - - [18/Nov/2022:20:14:01 +0000] "GET /hudson HTTP/1.1" 404 10137
54.37.79.75 - - [18/Nov/2022:20:18:56 +0000] "POST / HTTP/1.1" 403 2870
54.37.79.75 - - [18/Nov/2022:20:18:56 +0000] "GET /.env HTTP/1.1" 404 10131
85.31.44.156 - - [18/Nov/2022:20:42:26 +0000] "GET / HTTP/1.1" 200 6301
85.31.44.156 - - [18/Nov/2022:20:42:37 +0000] "POST /GponForm/diag_Form?images/ HTTP/1.1" 400 226
45.33.80.243 - - [18/Nov/2022:20:58:57 +0000] "\x16\x03\x01" 400 226
172.105.89.161 - - [18/Nov/2022:21:26:27 +0000] "\xba\xabd\xa1EZC\xdbM\x87\xee^\xfd\xbf\x159 X\xd4>\x12\x98\xc4<\xe0\x13\xcf" 400 226
162.221.192.26 - - [18/Nov/2022:21:31:13 +0000] "GET / HTTP/1.1" 200 6301
88.147.140.80 - - [18/Nov/2022:21:36:17 +0000] "GET / HTTP/1.1" 200 6301
54.37.79.75 - - [18/Nov/2022:21:44:02 +0000] "POST / HTTP/1.1" 403 2870
54.37.79.75 - - [18/Nov/2022:21:44:02 +0000] "GET /.env HTTP/1.1" 404 10131
141.255.166.2 - - [18/Nov/2022:21:50:37 +0000] "GET / HTTP/1.1" 200 6301
124.89.86.242 - - [18/Nov/2022:22:00:21 +0000] "GET / HTTP/1.1" 400 226
205.210.31.156 - - [18/Nov/2022:22:03:07 +0000] "GET / HTTP/1.1" 200 6301
54.37.79.75 - - [18/Nov/2022:22:13:28 +0000] "POST / HTTP/1.1" 403 2870
54.37.79.75 - - [18/Nov/2022:22:13:29 +0000] "GET /.env HTTP/1.1" 404 10131
193.47.61.218 - - [18/Nov/2022:22:15:56 +0000] "POST /boaform/admin/formLogin HTTP/1.1" 404 10192
141.255.166.2 - - [18/Nov/2022:22:18:05 +0000] "GET / HTTP/1.1" 200 6301
45.79.181.179 - - [18/Nov/2022:22:47:26 +0000] "\x16\x03\x01" 400 226
162.142.125.211 - - [18/Nov/2022:23:04:31 +0000] "GET / HTTP/1.1" 200 6301
162.142.125.211 - - [18/Nov/2022:23:04:32 +0000] "GET / HTTP/1.1" 200 6301
162.142.125.211 - - [18/Nov/2022:23:04:32 +0000] "PRI * HTTP/2.0" 400 226
162.142.125.211 - - [18/Nov/2022:23:04:32 +0000] "GET /favicon.ico HTTP/1.1" 404 10152
172.104.242.173 - - [18/Nov/2022:23:17:23 +0000] "-" 408 -
